{"level":"info","message":"MongoDB Atlas Connected: ac-vviwdge-shard-00-01.34dxv57.mongodb.net","service":"restaurant-service","timestamp":"2025-04-12T08:36:09.143Z"}
{"level":"info","message":"Database Name: test","service":"restaurant-service","timestamp":"2025-04-12T08:36:09.148Z"}
{"level":"info","message":"Connection State: 1","service":"restaurant-service","timestamp":"2025-04-12T08:36:09.149Z"}
{"level":"info","message":"Successfully pinged the database. Connection is working.","service":"restaurant-service","timestamp":"2025-04-12T08:36:09.293Z"}
{"level":"info","message":"Connection test successful! Database is connected.","service":"restaurant-service","timestamp":"2025-04-12T08:36:11.295Z"}
{"level":"info","message":"MongoDB Atlas Connected: ac-vviwdge-shard-00-01.34dxv57.mongodb.net","service":"restaurant-service","timestamp":"2025-04-12T08:37:15.868Z"}
{"level":"info","message":"Database Name: test","service":"restaurant-service","timestamp":"2025-04-12T08:37:15.873Z"}
{"level":"info","message":"Connection State: 1","service":"restaurant-service","timestamp":"2025-04-12T08:37:15.873Z"}
{"level":"info","message":"Successfully pinged the database. Connection is working.","service":"restaurant-service","timestamp":"2025-04-12T08:37:15.976Z"}
{"level":"info","message":"Connection test successful! Database is connected.","service":"restaurant-service","timestamp":"2025-04-12T08:37:17.979Z"}
{"level":"info","message":"Restaurant service running on port 3001","service":"restaurant-service","timestamp":"2025-04-12T08:42:58.044Z"}
{"level":"info","message":"MongoDB Atlas Connected: ac-vviwdge-shard-00-02.34dxv57.mongodb.net","service":"restaurant-service","timestamp":"2025-04-12T08:42:59.551Z"}
{"level":"info","message":"Database Name: test","service":"restaurant-service","timestamp":"2025-04-12T08:42:59.552Z"}
{"level":"info","message":"Connection State: 1","service":"restaurant-service","timestamp":"2025-04-12T08:42:59.552Z"}
{"level":"info","message":"Successfully pinged the database. Connection is working.","service":"restaurant-service","timestamp":"2025-04-12T08:42:59.648Z"}
{"level":"warn","message":"Mongoose connection is disconnected","service":"restaurant-service","timestamp":"2025-04-12T09:19:48.717Z"}
{"level":"info","message":"Restaurant service running on port 3001","service":"restaurant-service","timestamp":"2025-04-12T09:20:09.340Z"}
{"level":"info","message":"MongoDB Atlas Connected: ac-vviwdge-shard-00-00.34dxv57.mongodb.net","service":"restaurant-service","timestamp":"2025-04-12T09:20:11.139Z"}
{"level":"info","message":"Database Name: test","service":"restaurant-service","timestamp":"2025-04-12T09:20:11.140Z"}
{"level":"info","message":"Connection State: 1","service":"restaurant-service","timestamp":"2025-04-12T09:20:11.140Z"}
{"level":"info","message":"Successfully pinged the database. Connection is working.","service":"restaurant-service","timestamp":"2025-04-12T09:20:11.240Z"}
{"kind":"ObjectId","level":"error","message":"Error fetching restaurant details: Cast to ObjectId failed for value \"{restaurantId}\" (type string) at path \"_id\" for model \"Restaurant\"","path":"_id","reason":{},"service":"restaurant-service","stack":"CastError: Cast to ObjectId failed for value \"{restaurantId}\" (type string) at path \"_id\" for model \"Restaurant\"\n    at SchemaObjectId.cast (/Users/ridmiranasinghe/development/ds_cloud_native_microservices_food_delivery_app/food-ordering-app-backend/restaurant-service/node_modules/mongoose/lib/schema/objectId.js:251:11)\n    at SchemaType.applySetters (/Users/ridmiranasinghe/development/ds_cloud_native_microservices_food_delivery_app/food-ordering-app-backend/restaurant-service/node_modules/mongoose/lib/schemaType.js:1255:12)\n    at SchemaType.castForQuery (/Users/ridmiranasinghe/development/ds_cloud_native_microservices_food_delivery_app/food-ordering-app-backend/restaurant-service/node_modules/mongoose/lib/schemaType.js:1673:17)\n    at cast (/Users/ridmiranasinghe/development/ds_cloud_native_microservices_food_delivery_app/food-ordering-app-backend/restaurant-service/node_modules/mongoose/lib/cast.js:390:32)\n    at Query.cast (/Users/ridmiranasinghe/development/ds_cloud_native_microservices_food_delivery_app/food-ordering-app-backend/restaurant-service/node_modules/mongoose/lib/query.js:4907:12)\n    at Query._castConditions (/Users/ridmiranasinghe/development/ds_cloud_native_microservices_food_delivery_app/food-ordering-app-backend/restaurant-service/node_modules/mongoose/lib/query.js:2325:10)\n    at model.Query._findOne (/Users/ridmiranasinghe/development/ds_cloud_native_microservices_food_delivery_app/food-ordering-app-backend/restaurant-service/node_modules/mongoose/lib/query.js:2648:8)\n    at model.Query.exec (/Users/ridmiranasinghe/development/ds_cloud_native_microservices_food_delivery_app/food-ordering-app-backend/restaurant-service/node_modules/mongoose/lib/query.js:4456:80)\n    at process.processTicksAndRejections (node:internal/process/task_queues:105:5)\n    at async RestaurantService.getRestaurantDetails (/Users/ridmiranasinghe/development/ds_cloud_native_microservices_food_delivery_app/food-ordering-app-backend/restaurant-service/src/services/restaurantService.js:109:14)","stringValue":"\"{restaurantId}\"","timestamp":"2025-04-12T09:20:59.324Z","value":"{restaurantId}","valueType":"string"}
{"kind":"ObjectId","level":"error","message":"Fetching restaurant details failed: Cast to ObjectId failed for value \"{restaurantId}\" (type string) at path \"_id\" for model \"Restaurant\"","path":"_id","reason":{},"service":"restaurant-service","stack":"CastError: Cast to ObjectId failed for value \"{restaurantId}\" (type string) at path \"_id\" for model \"Restaurant\"\n    at SchemaObjectId.cast (/Users/ridmiranasinghe/development/ds_cloud_native_microservices_food_delivery_app/food-ordering-app-backend/restaurant-service/node_modules/mongoose/lib/schema/objectId.js:251:11)\n    at SchemaType.applySetters (/Users/ridmiranasinghe/development/ds_cloud_native_microservices_food_delivery_app/food-ordering-app-backend/restaurant-service/node_modules/mongoose/lib/schemaType.js:1255:12)\n    at SchemaType.castForQuery (/Users/ridmiranasinghe/development/ds_cloud_native_microservices_food_delivery_app/food-ordering-app-backend/restaurant-service/node_modules/mongoose/lib/schemaType.js:1673:17)\n    at cast (/Users/ridmiranasinghe/development/ds_cloud_native_microservices_food_delivery_app/food-ordering-app-backend/restaurant-service/node_modules/mongoose/lib/cast.js:390:32)\n    at Query.cast (/Users/ridmiranasinghe/development/ds_cloud_native_microservices_food_delivery_app/food-ordering-app-backend/restaurant-service/node_modules/mongoose/lib/query.js:4907:12)\n    at Query._castConditions (/Users/ridmiranasinghe/development/ds_cloud_native_microservices_food_delivery_app/food-ordering-app-backend/restaurant-service/node_modules/mongoose/lib/query.js:2325:10)\n    at model.Query._findOne (/Users/ridmiranasinghe/development/ds_cloud_native_microservices_food_delivery_app/food-ordering-app-backend/restaurant-service/node_modules/mongoose/lib/query.js:2648:8)\n    at model.Query.exec (/Users/ridmiranasinghe/development/ds_cloud_native_microservices_food_delivery_app/food-ordering-app-backend/restaurant-service/node_modules/mongoose/lib/query.js:4456:80)\n    at process.processTicksAndRejections (node:internal/process/task_queues:105:5)\n    at async RestaurantService.getRestaurantDetails (/Users/ridmiranasinghe/development/ds_cloud_native_microservices_food_delivery_app/food-ordering-app-backend/restaurant-service/src/services/restaurantService.js:109:14)","stringValue":"\"{restaurantId}\"","timestamp":"2025-04-12T09:20:59.326Z","value":"{restaurantId}","valueType":"string"}
{"level":"warn","message":"Mongoose connection is disconnected","service":"restaurant-service","timestamp":"2025-04-12T09:44:17.252Z"}
{"level":"info","message":"Mongoose connected to DB","service":"restaurant-service","timestamp":"2025-04-12T09:44:17.363Z"}
{"level":"warn","message":"Mongoose connection is disconnected","service":"restaurant-service","timestamp":"2025-04-12T10:14:06.532Z"}
{"level":"info","message":"Mongoose connected to DB","service":"restaurant-service","timestamp":"2025-04-12T10:14:06.538Z"}
{"level":"warn","message":"Mongoose connection is disconnected","service":"restaurant-service","timestamp":"2025-04-12T12:46:42.733Z"}
{"level":"info","message":"Mongoose connected to DB","service":"restaurant-service","timestamp":"2025-04-12T12:46:42.741Z"}
{"level":"warn","message":"Mongoose connection is disconnected","service":"restaurant-service","timestamp":"2025-04-12T13:40:54.453Z"}
{"level":"info","message":"Mongoose connected to DB","service":"restaurant-service","timestamp":"2025-04-12T13:40:54.520Z"}
{"level":"warn","message":"Mongoose connection is disconnected","service":"restaurant-service","timestamp":"2025-04-12T14:33:25.119Z"}
{"level":"info","message":"Mongoose connected to DB","service":"restaurant-service","timestamp":"2025-04-12T14:33:25.121Z"}
{"level":"warn","message":"Mongoose connection is disconnected","service":"restaurant-service","timestamp":"2025-04-12T15:08:14.247Z"}
{"level":"info","message":"Mongoose connected to DB","service":"restaurant-service","timestamp":"2025-04-12T15:08:24.657Z"}
{"level":"warn","message":"Mongoose connection is disconnected","service":"restaurant-service","timestamp":"2025-04-12T18:18:12.382Z"}
{"level":"info","message":"Mongoose connected to DB","service":"restaurant-service","timestamp":"2025-04-12T18:18:12.388Z"}
{"level":"warn","message":"Mongoose connection is disconnected","service":"restaurant-service","timestamp":"2025-04-12T19:36:57.792Z"}
{"level":"info","message":"Mongoose connected to DB","service":"restaurant-service","timestamp":"2025-04-12T19:37:29.125Z"}
{"level":"warn","message":"Mongoose connection is disconnected","service":"restaurant-service","timestamp":"2025-04-12T19:50:46.595Z"}
{"level":"info","message":"Mongoose connected to DB","service":"restaurant-service","timestamp":"2025-04-12T20:06:10.277Z"}
{"level":"warn","message":"Mongoose connection is disconnected","service":"restaurant-service","timestamp":"2025-04-12T20:15:06.148Z"}
{"level":"info","message":"Mongoose connected to DB","service":"restaurant-service","timestamp":"2025-04-12T20:49:55.026Z"}
{"level":"warn","message":"Mongoose connection is disconnected","service":"restaurant-service","timestamp":"2025-04-12T21:07:13.967Z"}
{"level":"info","message":"Mongoose connected to DB","service":"restaurant-service","timestamp":"2025-04-12T21:41:38.098Z"}
{"level":"warn","message":"Mongoose connection is disconnected","service":"restaurant-service","timestamp":"2025-04-12T21:58:00.394Z"}
{"level":"info","message":"Mongoose connected to DB","service":"restaurant-service","timestamp":"2025-04-12T22:31:38.150Z"}
{"level":"warn","message":"Mongoose connection is disconnected","service":"restaurant-service","timestamp":"2025-04-12T22:48:36.242Z"}
{"level":"info","message":"Mongoose connected to DB","service":"restaurant-service","timestamp":"2025-04-12T23:23:36.844Z"}
{"level":"warn","message":"Mongoose connection is disconnected","service":"restaurant-service","timestamp":"2025-04-12T23:56:29.065Z"}
{"level":"info","message":"Mongoose connected to DB","service":"restaurant-service","timestamp":"2025-04-12T23:56:29.396Z"}
{"level":"warn","message":"Mongoose connection is disconnected","service":"restaurant-service","timestamp":"2025-04-13T01:04:34.552Z"}
{"level":"info","message":"Mongoose connected to DB","service":"restaurant-service","timestamp":"2025-04-13T01:04:34.712Z"}
{"level":"warn","message":"Mongoose connection is disconnected","service":"restaurant-service","timestamp":"2025-04-13T02:26:36.055Z"}
{"level":"info","message":"Mongoose connected to DB","service":"restaurant-service","timestamp":"2025-04-13T02:26:36.302Z"}
{"level":"warn","message":"Mongoose connection is disconnected","service":"restaurant-service","timestamp":"2025-04-13T03:18:24.242Z"}
{"level":"info","message":"Mongoose connected to DB","service":"restaurant-service","timestamp":"2025-04-13T03:18:24.523Z"}
{"level":"warn","message":"Mongoose connection is disconnected","service":"restaurant-service","timestamp":"2025-04-13T03:33:32.332Z"}
{"level":"info","message":"Mongoose connected to DB","service":"restaurant-service","timestamp":"2025-04-13T03:50:35.770Z"}
{"level":"warn","message":"Mongoose connection is disconnected","service":"restaurant-service","timestamp":"2025-04-13T03:53:15.968Z"}
{"level":"info","message":"Mongoose connected to DB","service":"restaurant-service","timestamp":"2025-04-13T03:53:16.308Z"}
{"level":"warn","message":"Mongoose connection is disconnected","service":"restaurant-service","timestamp":"2025-04-13T04:00:22.649Z"}
{"level":"info","message":"Mongoose connected to DB","service":"restaurant-service","timestamp":"2025-04-13T04:13:17.847Z"}
{"level":"warn","message":"Mongoose connection is disconnected","service":"restaurant-service","timestamp":"2025-04-13T05:03:38.599Z"}
{"level":"info","message":"Mongoose connected to DB","service":"restaurant-service","timestamp":"2025-04-13T05:03:47.950Z"}
{"level":"warn","message":"Mongoose connection is disconnected","service":"restaurant-service","timestamp":"2025-04-13T05:04:26.338Z"}
{"level":"info","message":"Mongoose connected to DB","service":"restaurant-service","timestamp":"2025-04-13T05:04:36.700Z"}
{"level":"warn","message":"Mongoose connection is disconnected","service":"restaurant-service","timestamp":"2025-04-13T05:25:08.582Z"}
{"level":"info","message":"Mongoose connected to DB","service":"restaurant-service","timestamp":"2025-04-13T05:25:36.381Z"}
{"level":"warn","message":"Mongoose connection is disconnected","service":"restaurant-service","timestamp":"2025-04-13T07:11:27.386Z"}
{"level":"info","message":"Mongoose connected to DB","service":"restaurant-service","timestamp":"2025-04-13T07:11:27.391Z"}
{"level":"warn","message":"Mongoose connection is disconnected","service":"restaurant-service","timestamp":"2025-04-13T08:41:06.243Z"}
{"level":"info","message":"Mongoose connected to DB","service":"restaurant-service","timestamp":"2025-04-13T08:41:06.249Z"}
{"level":"warn","message":"Mongoose connection is disconnected","service":"restaurant-service","timestamp":"2025-04-13T08:53:29.349Z"}
{"level":"info","message":"Mongoose connected to DB","service":"restaurant-service","timestamp":"2025-04-13T08:53:29.351Z"}
{"level":"warn","message":"Mongoose connection is disconnected","service":"restaurant-service","timestamp":"2025-04-13T09:11:14.364Z"}
{"level":"info","message":"Mongoose connected to DB","service":"restaurant-service","timestamp":"2025-04-13T09:11:14.366Z"}
{"level":"warn","message":"Mongoose connection is disconnected","service":"restaurant-service","timestamp":"2025-04-13T09:34:07.192Z"}
{"level":"info","message":"Mongoose connected to DB","service":"restaurant-service","timestamp":"2025-04-13T09:34:07.194Z"}
{"level":"warn","message":"Mongoose connection is disconnected","service":"restaurant-service","timestamp":"2025-04-13T10:14:08.383Z"}
{"level":"info","message":"Mongoose connected to DB","service":"restaurant-service","timestamp":"2025-04-13T10:14:08.385Z"}
{"level":"warn","message":"Mongoose connection is disconnected","service":"restaurant-service","timestamp":"2025-04-13T10:25:13.023Z"}
{"level":"info","message":"Mongoose connected to DB","service":"restaurant-service","timestamp":"2025-04-13T10:25:13.033Z"}
{"level":"warn","message":"Mongoose connection is disconnected","service":"restaurant-service","timestamp":"2025-04-13T11:02:19.267Z"}
{"level":"info","message":"Mongoose connected to DB","service":"restaurant-service","timestamp":"2025-04-13T11:06:15.959Z"}
{"level":"warn","message":"Mongoose connection is disconnected","service":"restaurant-service","timestamp":"2025-04-13T11:44:53.347Z"}
{"level":"info","message":"Mongoose connected to DB","service":"restaurant-service","timestamp":"2025-04-13T11:54:57.312Z"}
{"level":"warn","message":"Mongoose connection is disconnected","service":"restaurant-service","timestamp":"2025-04-13T12:01:39.197Z"}
{"level":"info","message":"Mongoose connected to DB","service":"restaurant-service","timestamp":"2025-04-13T12:13:54.359Z"}
{"level":"warn","message":"Mongoose connection is disconnected","service":"restaurant-service","timestamp":"2025-04-13T12:15:52.339Z"}
{"level":"info","message":"Mongoose connected to DB","service":"restaurant-service","timestamp":"2025-04-13T12:17:53.797Z"}
{"level":"warn","message":"Mongoose connection is disconnected","service":"restaurant-service","timestamp":"2025-04-13T12:23:48.044Z"}
{"level":"info","message":"Mongoose connected to DB","service":"restaurant-service","timestamp":"2025-04-13T12:23:59.059Z"}
{"level":"warn","message":"Mongoose connection is disconnected","service":"restaurant-service","timestamp":"2025-04-13T12:39:20.334Z"}
{"level":"info","message":"Mongoose connected to DB","service":"restaurant-service","timestamp":"2025-04-13T12:50:49.024Z"}
{"level":"warn","message":"Mongoose connection is disconnected","service":"restaurant-service","timestamp":"2025-04-13T13:07:14.942Z"}
{"level":"info","message":"Mongoose connected to DB","service":"restaurant-service","timestamp":"2025-04-13T13:23:03.075Z"}
{"level":"warn","message":"Mongoose connection is disconnected","service":"restaurant-service","timestamp":"2025-04-13T13:23:52.451Z"}
{"level":"info","message":"Mongoose connected to DB","service":"restaurant-service","timestamp":"2025-04-13T13:28:10.545Z"}
{"level":"warn","message":"Mongoose connection is disconnected","service":"restaurant-service","timestamp":"2025-04-13T13:29:41.470Z"}
{"level":"info","message":"Mongoose connected to DB","service":"restaurant-service","timestamp":"2025-04-13T13:30:33.605Z"}
{"level":"warn","message":"Mongoose connection is disconnected","service":"restaurant-service","timestamp":"2025-04-13T13:38:25.772Z"}
{"level":"info","message":"Mongoose connected to DB","service":"restaurant-service","timestamp":"2025-04-13T13:38:25.772Z"}
{"level":"warn","message":"Mongoose connection is disconnected","service":"restaurant-service","timestamp":"2025-04-13T13:47:15.883Z"}
{"level":"info","message":"Mongoose connected to DB","service":"restaurant-service","timestamp":"2025-04-13T13:47:16.082Z"}
{"level":"warn","message":"Mongoose connection is disconnected","service":"restaurant-service","timestamp":"2025-04-13T14:18:43.463Z"}
{"level":"info","message":"Mongoose connected to DB","service":"restaurant-service","timestamp":"2025-04-13T14:30:22.649Z"}
{"level":"warn","message":"Mongoose connection is disconnected","service":"restaurant-service","timestamp":"2025-04-13T14:38:17.430Z"}
{"level":"info","message":"Mongoose connected to DB","service":"restaurant-service","timestamp":"2025-04-13T14:38:45.140Z"}
{"level":"warn","message":"Mongoose connection is disconnected","service":"restaurant-service","timestamp":"2025-04-13T14:39:51.684Z"}
{"level":"info","message":"Mongoose connected to DB","service":"restaurant-service","timestamp":"2025-04-13T14:40:28.292Z"}
{"level":"warn","message":"Mongoose connection is disconnected","service":"restaurant-service","timestamp":"2025-04-13T14:40:48.810Z"}
{"level":"info","message":"Mongoose connected to DB","service":"restaurant-service","timestamp":"2025-04-13T14:55:58.144Z"}
{"level":"warn","message":"Mongoose connection is disconnected","service":"restaurant-service","timestamp":"2025-04-13T14:57:55.700Z"}
{"level":"info","message":"Mongoose connected to DB","service":"restaurant-service","timestamp":"2025-04-13T14:58:34.005Z"}
{"level":"warn","message":"Mongoose connection is disconnected","service":"restaurant-service","timestamp":"2025-04-13T15:01:53.417Z"}
{"level":"info","message":"Mongoose connected to DB","service":"restaurant-service","timestamp":"2025-04-13T15:17:08.814Z"}
{"level":"warn","message":"Mongoose connection is disconnected","service":"restaurant-service","timestamp":"2025-04-13T15:27:12.889Z"}
{"level":"info","message":"Mongoose connected to DB","service":"restaurant-service","timestamp":"2025-04-13T15:32:10.857Z"}
{"level":"warn","message":"Mongoose connection is disconnected","service":"restaurant-service","timestamp":"2025-04-13T15:41:02.872Z"}
{"level":"info","message":"Mongoose connected to DB","service":"restaurant-service","timestamp":"2025-04-13T15:41:02.880Z"}
{"level":"warn","message":"Mongoose connection is disconnected","service":"restaurant-service","timestamp":"2025-04-13T15:41:27.805Z"}
{"level":"info","message":"Mongoose connected to DB","service":"restaurant-service","timestamp":"2025-04-13T15:41:38.168Z"}
{"level":"warn","message":"Mongoose connection is disconnected","service":"restaurant-service","timestamp":"2025-04-13T16:41:35.790Z"}
{"level":"info","message":"Mongoose connected to DB","service":"restaurant-service","timestamp":"2025-04-13T16:41:35.928Z"}
{"level":"warn","message":"Mongoose connection is disconnected","service":"restaurant-service","timestamp":"2025-04-13T17:18:20.955Z"}
{"level":"info","message":"Mongoose connected to DB","service":"restaurant-service","timestamp":"2025-04-13T17:18:31.176Z"}
{"level":"warn","message":"Mongoose connection is disconnected","service":"restaurant-service","timestamp":"2025-04-13T18:07:23.302Z"}
{"level":"info","message":"Mongoose connected to DB","service":"restaurant-service","timestamp":"2025-04-13T18:07:23.502Z"}
{"level":"warn","message":"Mongoose connection is disconnected","service":"restaurant-service","timestamp":"2025-04-13T18:07:55.516Z"}
{"level":"info","message":"Mongoose connected to DB","service":"restaurant-service","timestamp":"2025-04-13T18:09:28.451Z"}
{"level":"warn","message":"Mongoose connection is disconnected","service":"restaurant-service","timestamp":"2025-04-13T18:23:21.668Z"}
{"level":"info","message":"Mongoose connected to DB","service":"restaurant-service","timestamp":"2025-04-13T18:23:21.674Z"}
{"level":"warn","message":"Mongoose connection is disconnected","service":"restaurant-service","timestamp":"2025-04-13T18:59:42.584Z"}
{"level":"info","message":"Mongoose connected to DB","service":"restaurant-service","timestamp":"2025-04-13T19:15:31.636Z"}
{"level":"warn","message":"Mongoose connection is disconnected","service":"restaurant-service","timestamp":"2025-04-13T20:00:07.211Z"}
{"level":"info","message":"Mongoose connected to DB","service":"restaurant-service","timestamp":"2025-04-13T20:00:07.224Z"}
{"level":"warn","message":"Mongoose connection is disconnected","service":"restaurant-service","timestamp":"2025-04-13T21:06:26.058Z"}
{"level":"info","message":"Mongoose connected to DB","service":"restaurant-service","timestamp":"2025-04-13T21:06:28.931Z"}
{"level":"warn","message":"Mongoose connection is disconnected","service":"restaurant-service","timestamp":"2025-04-13T21:57:49.689Z"}
{"level":"info","message":"Mongoose connected to DB","service":"restaurant-service","timestamp":"2025-04-13T22:14:43.336Z"}
{"level":"warn","message":"Mongoose connection is disconnected","service":"restaurant-service","timestamp":"2025-04-13T22:34:00.697Z"}
{"level":"info","message":"Mongoose connected to DB","service":"restaurant-service","timestamp":"2025-04-13T22:35:20.672Z"}
{"level":"warn","message":"Mongoose connection is disconnected","service":"restaurant-service","timestamp":"2025-04-13T22:38:18.496Z"}
{"level":"info","message":"Mongoose connected to DB","service":"restaurant-service","timestamp":"2025-04-13T22:38:45.866Z"}
{"level":"warn","message":"Mongoose connection is disconnected","service":"restaurant-service","timestamp":"2025-04-13T22:39:41.941Z"}
{"level":"info","message":"Mongoose connected to DB","service":"restaurant-service","timestamp":"2025-04-13T22:42:58.321Z"}
{"level":"warn","message":"Mongoose connection is disconnected","service":"restaurant-service","timestamp":"2025-04-13T22:46:07.740Z"}
{"level":"info","message":"Mongoose connected to DB","service":"restaurant-service","timestamp":"2025-04-13T22:52:18.016Z"}
{"level":"warn","message":"Mongoose connection is disconnected","service":"restaurant-service","timestamp":"2025-04-14T00:21:58.841Z"}
{"level":"info","message":"Mongoose connected to DB","service":"restaurant-service","timestamp":"2025-04-14T00:21:58.843Z"}
{"level":"warn","message":"Mongoose connection is disconnected","service":"restaurant-service","timestamp":"2025-04-14T00:42:12.134Z"}
{"level":"info","message":"Mongoose connected to DB","service":"restaurant-service","timestamp":"2025-04-14T00:42:12.140Z"}
{"level":"warn","message":"Mongoose connection is disconnected","service":"restaurant-service","timestamp":"2025-04-14T02:23:38.966Z"}
{"level":"info","message":"Mongoose connected to DB","service":"restaurant-service","timestamp":"2025-04-14T02:23:38.970Z"}
{"level":"warn","message":"Mongoose connection is disconnected","service":"restaurant-service","timestamp":"2025-04-14T02:52:27.297Z"}
{"level":"info","message":"Mongoose connected to DB","service":"restaurant-service","timestamp":"2025-04-14T02:52:27.311Z"}
{"level":"warn","message":"Mongoose connection is disconnected","service":"restaurant-service","timestamp":"2025-04-14T04:14:31.243Z"}
{"level":"info","message":"Mongoose connected to DB","service":"restaurant-service","timestamp":"2025-04-14T04:14:31.293Z"}
{"level":"warn","message":"Mongoose connection is disconnected","service":"restaurant-service","timestamp":"2025-04-14T05:02:23.979Z"}
{"level":"info","message":"Mongoose connected to DB","service":"restaurant-service","timestamp":"2025-04-14T05:02:37.561Z"}
{"level":"warn","message":"Mongoose connection is disconnected","service":"restaurant-service","timestamp":"2025-04-14T05:13:59.167Z"}
{"level":"info","message":"Mongoose connected to DB","service":"restaurant-service","timestamp":"2025-04-14T05:13:59.412Z"}
{"level":"warn","message":"Mongoose connection is disconnected","service":"restaurant-service","timestamp":"2025-04-14T05:17:06.996Z"}
{"level":"info","message":"Mongoose connected to DB","service":"restaurant-service","timestamp":"2025-04-14T05:18:13.784Z"}
{"level":"warn","message":"Mongoose connection is disconnected","service":"restaurant-service","timestamp":"2025-04-14T05:56:34.336Z"}
{"level":"info","message":"Mongoose connected to DB","service":"restaurant-service","timestamp":"2025-04-14T05:56:34.596Z"}
{"level":"warn","message":"Mongoose connection is disconnected","service":"restaurant-service","timestamp":"2025-04-14T06:13:44.848Z"}
{"level":"info","message":"Mongoose connected to DB","service":"restaurant-service","timestamp":"2025-04-14T06:13:45.130Z"}
{"level":"warn","message":"Mongoose connection is disconnected","service":"restaurant-service","timestamp":"2025-04-14T06:46:07.108Z"}
{"level":"info","message":"Mongoose connected to DB","service":"restaurant-service","timestamp":"2025-04-14T06:46:07.112Z"}
{"level":"warn","message":"Mongoose connection is disconnected","service":"restaurant-service","timestamp":"2025-04-14T07:43:20.737Z"}
{"level":"info","message":"Mongoose connected to DB","service":"restaurant-service","timestamp":"2025-04-14T07:43:20.745Z"}
{"level":"warn","message":"Mongoose connection is disconnected","service":"restaurant-service","timestamp":"2025-04-14T08:18:21.534Z"}
{"level":"info","message":"Mongoose connected to DB","service":"restaurant-service","timestamp":"2025-04-14T08:35:00.734Z"}
{"level":"warn","message":"Mongoose connection is disconnected","service":"restaurant-service","timestamp":"2025-04-14T09:57:48.977Z"}
{"level":"info","message":"Mongoose connected to DB","service":"restaurant-service","timestamp":"2025-04-14T14:32:54.741Z"}
{"level":"warn","message":"Mongoose connection is disconnected","service":"restaurant-service","timestamp":"2025-04-14T14:35:18.456Z"}
{"level":"info","message":"Mongoose connected to DB","service":"restaurant-service","timestamp":"2025-04-14T14:35:18.462Z"}
{"level":"warn","message":"Mongoose connection is disconnected","service":"restaurant-service","timestamp":"2025-04-14T15:09:46.734Z"}
{"level":"info","message":"Mongoose connected to DB","service":"restaurant-service","timestamp":"2025-04-14T15:11:37.179Z"}
{"level":"warn","message":"Mongoose connection is disconnected","service":"restaurant-service","timestamp":"2025-04-14T15:13:46.706Z"}
{"level":"info","message":"Mongoose connected to DB","service":"restaurant-service","timestamp":"2025-04-14T15:15:16.611Z"}
{"level":"warn","message":"Mongoose connection is disconnected","service":"restaurant-service","timestamp":"2025-04-14T15:18:16.069Z"}
{"level":"info","message":"Mongoose connected to DB","service":"restaurant-service","timestamp":"2025-04-14T15:18:47.887Z"}
{"level":"warn","message":"Mongoose connection is disconnected","service":"restaurant-service","timestamp":"2025-04-14T15:41:00.831Z"}
{"level":"info","message":"Mongoose connected to DB","service":"restaurant-service","timestamp":"2025-04-14T15:41:11.455Z"}
{"level":"warn","message":"Mongoose connection is disconnected","service":"restaurant-service","timestamp":"2025-04-14T15:43:49.756Z"}
{"level":"info","message":"Mongoose connected to DB","service":"restaurant-service","timestamp":"2025-04-14T15:44:24.922Z"}
{"level":"warn","message":"Mongoose connection is disconnected","service":"restaurant-service","timestamp":"2025-04-14T16:21:43.086Z"}
{"level":"info","message":"Mongoose connected to DB","service":"restaurant-service","timestamp":"2025-04-14T16:21:43.095Z"}
{"level":"warn","message":"Mongoose connection is disconnected","service":"restaurant-service","timestamp":"2025-04-14T17:55:49.780Z"}
{"level":"info","message":"Mongoose connected to DB","service":"restaurant-service","timestamp":"2025-04-14T17:58:13.923Z"}
{"level":"warn","message":"Mongoose connection is disconnected","service":"restaurant-service","timestamp":"2025-04-14T18:16:04.348Z"}
{"level":"info","message":"Mongoose connected to DB","service":"restaurant-service","timestamp":"2025-04-14T18:49:34.096Z"}
{"level":"warn","message":"Mongoose connection is disconnected","service":"restaurant-service","timestamp":"2025-04-14T18:52:59.465Z"}
{"level":"info","message":"Mongoose connected to DB","service":"restaurant-service","timestamp":"2025-04-14T19:30:06.875Z"}
{"level":"warn","message":"Mongoose connection is disconnected","service":"restaurant-service","timestamp":"2025-04-14T19:43:50.853Z"}
{"level":"info","message":"Mongoose connected to DB","service":"restaurant-service","timestamp":"2025-04-14T20:00:06.735Z"}
{"level":"warn","message":"Mongoose connection is disconnected","service":"restaurant-service","timestamp":"2025-04-14T20:13:43.049Z"}
{"level":"info","message":"Mongoose connected to DB","service":"restaurant-service","timestamp":"2025-04-14T20:30:41.776Z"}
{"level":"warn","message":"Mongoose connection is disconnected","service":"restaurant-service","timestamp":"2025-04-14T21:01:58.767Z"}
{"level":"info","message":"Mongoose connected to DB","service":"restaurant-service","timestamp":"2025-04-14T21:02:00.245Z"}
{"level":"warn","message":"Mongoose connection is disconnected","service":"restaurant-service","timestamp":"2025-04-14T21:18:15.372Z"}
{"level":"info","message":"Mongoose connected to DB","service":"restaurant-service","timestamp":"2025-04-14T21:53:26.723Z"}
{"level":"warn","message":"Mongoose connection is disconnected","service":"restaurant-service","timestamp":"2025-04-14T23:16:10.089Z"}
{"level":"info","message":"Mongoose connected to DB","service":"restaurant-service","timestamp":"2025-04-14T23:33:51.292Z"}
{"level":"warn","message":"Mongoose connection is disconnected","service":"restaurant-service","timestamp":"2025-04-14T23:50:17.842Z"}
{"level":"info","message":"Mongoose connected to DB","service":"restaurant-service","timestamp":"2025-04-15T00:22:46.954Z"}
{"level":"warn","message":"Mongoose connection is disconnected","service":"restaurant-service","timestamp":"2025-04-15T01:52:41.930Z"}
{"level":"info","message":"Mongoose connected to DB","service":"restaurant-service","timestamp":"2025-04-15T02:39:42.514Z"}
{"level":"warn","message":"Mongoose connection is disconnected","service":"restaurant-service","timestamp":"2025-04-15T03:21:02.943Z"}
{"level":"info","message":"Mongoose connected to DB","service":"restaurant-service","timestamp":"2025-04-15T03:21:03.212Z"}
{"level":"warn","message":"Mongoose connection is disconnected","service":"restaurant-service","timestamp":"2025-04-15T03:45:11.480Z"}
{"level":"info","message":"Mongoose connected to DB","service":"restaurant-service","timestamp":"2025-04-15T03:45:11.587Z"}
{"level":"warn","message":"Mongoose connection is disconnected","service":"restaurant-service","timestamp":"2025-04-15T03:46:12.708Z"}
{"level":"info","message":"Restaurant service running on port 3001","service":"restaurant-service","timestamp":"2025-04-15T03:46:19.459Z"}
{"level":"info","message":"MongoDB Atlas Connected: ac-vviwdge-shard-00-01.34dxv57.mongodb.net","service":"restaurant-service","timestamp":"2025-04-15T03:46:20.946Z"}
{"level":"info","message":"Database Name: test","service":"restaurant-service","timestamp":"2025-04-15T03:46:20.948Z"}
{"level":"info","message":"Connection State: 1","service":"restaurant-service","timestamp":"2025-04-15T03:46:20.948Z"}
{"level":"info","message":"Successfully pinged the database. Connection is working.","service":"restaurant-service","timestamp":"2025-04-15T03:46:21.095Z"}
