{"level":"info","message":"Restaurant Service running on port 3002","service":"restaurant-service","timestamp":"2025-04-26 22:36:57"}
{"level":"info","message":"Connected to MongoDB","service":"restaurant-service","timestamp":"2025-04-26 22:36:59"}
{"level":"info","message":"Restaurant Service running on port 3002","service":"restaurant-service","timestamp":"2025-04-27 09:23:44"}
{"level":"info","message":"Connected to MongoDB","service":"restaurant-service","timestamp":"2025-04-27 09:23:46"}
{"level":"info","message":"::1 - - [27/Apr/2025:03:54:24 +0000] \"POST /restaurants HTTP/1.1\" 400 638 \"-\" \"PostmanRuntime/7.43.3\"","service":"restaurant-service","timestamp":"2025-04-27 09:24:24"}
{"level":"info","message":"::1 - - [27/Apr/2025:03:54:39 +0000] \"GET /restaurants HTTP/1.1\" 200 1487 \"-\" \"PostmanRuntime/7.43.3\"","service":"restaurant-service","timestamp":"2025-04-27 09:24:39"}
{"level":"info","message":"Restaurant Service running on port 3002","service":"restaurant-service","timestamp":"2025-04-27 13:13:56"}
{"level":"info","message":"Connected to MongoDB","service":"restaurant-service","timestamp":"2025-04-27 13:13:58"}
{"level":"info","message":"::1 - - [27/Apr/2025:07:44:04 +0000] \"GET /restaurants?cuisine=Sri%20Lankan&isOpen=true&minRating=4&page=1&limit=10 HTTP/1.1\" 200 73 \"-\" \"PostmanRuntime/7.43.3\"","service":"restaurant-service","timestamp":"2025-04-27 13:14:04"}
{"level":"info","message":"::1 - - [27/Apr/2025:07:44:16 +0000] \"GET /restaurants HTTP/1.1\" 200 1487 \"-\" \"PostmanRuntime/7.43.3\"","service":"restaurant-service","timestamp":"2025-04-27 13:14:16"}
{"level":"info","message":"::1 - - [27/Apr/2025:08:04:36 +0000] \"GET /restaurants?sort=rating&limit=6 HTTP/1.1\" 200 1486 \"http://localhost:3000/\" \"Mozilla/5.0 (Macintosh; Intel Mac OS X 10.15; rv:137.0) Gecko/20100101 Firefox/137.0\"","service":"restaurant-service","timestamp":"2025-04-27 13:34:36"}
{"level":"info","message":"::1 - - [27/Apr/2025:08:07:05 +0000] \"GET /restaurants?sort=rating&limit=6 HTTP/1.1\" 304 - \"http://localhost:3000/\" \"Mozilla/5.0 (Macintosh; Intel Mac OS X 10.15; rv:137.0) Gecko/20100101 Firefox/137.0\"","service":"restaurant-service","timestamp":"2025-04-27 13:37:05"}
{"level":"info","message":"::1 - - [27/Apr/2025:08:07:05 +0000] \"GET /restaurants?sort=rating&limit=6 HTTP/1.1\" 304 - \"http://localhost:3000/\" \"Mozilla/5.0 (Macintosh; Intel Mac OS X 10.15; rv:137.0) Gecko/20100101 Firefox/137.0\"","service":"restaurant-service","timestamp":"2025-04-27 13:37:05"}
{"level":"info","message":"::1 - - [27/Apr/2025:08:07:30 +0000] \"GET /restaurants/680cc8557d63ae7965a4a7a0 HTTP/1.1\" 200 1429 \"http://localhost:3000/\" \"Mozilla/5.0 (Macintosh; Intel Mac OS X 10.15; rv:137.0) Gecko/20100101 Firefox/137.0\"","service":"restaurant-service","timestamp":"2025-04-27 13:37:30"}
{"level":"info","message":"::1 - - [27/Apr/2025:08:07:31 +0000] \"GET /restaurants/680cc8557d63ae7965a4a7a0 HTTP/1.1\" 200 1429 \"http://localhost:3000/\" \"Mozilla/5.0 (Macintosh; Intel Mac OS X 10.15; rv:137.0) Gecko/20100101 Firefox/137.0\"","service":"restaurant-service","timestamp":"2025-04-27 13:37:31"}
{"level":"info","message":"::1 - - [27/Apr/2025:08:08:16 +0000] \"GET /restaurants/680cc8557d63ae7965a4a7a0 HTTP/1.1\" 304 - \"http://localhost:3000/\" \"Mozilla/5.0 (Macintosh; Intel Mac OS X 10.15; rv:137.0) Gecko/20100101 Firefox/137.0\"","service":"restaurant-service","timestamp":"2025-04-27 13:38:16"}
{"level":"info","message":"::1 - - [27/Apr/2025:08:08:29 +0000] \"GET /restaurants?sort=rating&limit=6 HTTP/1.1\" 304 - \"http://localhost:3000/\" \"Mozilla/5.0 (Macintosh; Intel Mac OS X 10.15; rv:137.0) Gecko/20100101 Firefox/137.0\"","service":"restaurant-service","timestamp":"2025-04-27 13:38:29"}
{"level":"info","message":"::1 - - [27/Apr/2025:08:08:29 +0000] \"GET /restaurants?sort=rating&limit=6 HTTP/1.1\" 200 1486 \"http://localhost:3000/\" \"Mozilla/5.0 (Macintosh; Intel Mac OS X 10.15; rv:137.0) Gecko/20100101 Firefox/137.0\"","service":"restaurant-service","timestamp":"2025-04-27 13:38:29"}
{"level":"info","message":"::1 - - [27/Apr/2025:08:08:42 +0000] \"GET /restaurants/680cc8557d63ae7965a4a7a0 HTTP/1.1\" 304 - \"http://localhost:3000/\" \"Mozilla/5.0 (Macintosh; Intel Mac OS X 10.15; rv:137.0) Gecko/20100101 Firefox/137.0\"","service":"restaurant-service","timestamp":"2025-04-27 13:38:42"}
{"level":"info","message":"::1 - - [27/Apr/2025:08:08:42 +0000] \"GET /restaurants/680cc8557d63ae7965a4a7a0 HTTP/1.1\" 200 1429 \"http://localhost:3000/\" \"Mozilla/5.0 (Macintosh; Intel Mac OS X 10.15; rv:137.0) Gecko/20100101 Firefox/137.0\"","service":"restaurant-service","timestamp":"2025-04-27 13:38:42"}
{"level":"info","message":"::1 - - [27/Apr/2025:08:09:16 +0000] \"GET /restaurants/680cc8557d63ae7965a4a7a0 HTTP/1.1\" 200 1429 \"http://localhost:3000/\" \"Mozilla/5.0 (Macintosh; Intel Mac OS X 10.15; rv:137.0) Gecko/20100101 Firefox/137.0\"","service":"restaurant-service","timestamp":"2025-04-27 13:39:16"}
{"level":"info","message":"::1 - - [27/Apr/2025:08:09:16 +0000] \"GET /restaurants/680cc8557d63ae7965a4a7a0 HTTP/1.1\" 304 - \"http://localhost:3000/\" \"Mozilla/5.0 (Macintosh; Intel Mac OS X 10.15; rv:137.0) Gecko/20100101 Firefox/137.0\"","service":"restaurant-service","timestamp":"2025-04-27 13:39:16"}
{"level":"info","message":"::1 - - [27/Apr/2025:08:18:04 +0000] \"GET /restaurants/680cc8557d63ae7965a4a7a0 HTTP/1.1\" 304 - \"http://localhost:3000/\" \"Mozilla/5.0 (Macintosh; Intel Mac OS X 10.15; rv:137.0) Gecko/20100101 Firefox/137.0\"","service":"restaurant-service","timestamp":"2025-04-27 13:48:04"}
{"level":"info","message":"::1 - - [27/Apr/2025:08:19:46 +0000] \"GET /restaurants/680cc8557d63ae7965a4a7a0 HTTP/1.1\" 304 - \"http://localhost:3000/\" \"Mozilla/5.0 (Macintosh; Intel Mac OS X 10.15; rv:137.0) Gecko/20100101 Firefox/137.0\"","service":"restaurant-service","timestamp":"2025-04-27 13:49:46"}
{"level":"info","message":"::1 - - [27/Apr/2025:08:19:49 +0000] \"GET /restaurants/680cc8557d63ae7965a4a7a0 HTTP/1.1\" 304 - \"http://localhost:3000/\" \"Mozilla/5.0 (Macintosh; Intel Mac OS X 10.15; rv:137.0) Gecko/20100101 Firefox/137.0\"","service":"restaurant-service","timestamp":"2025-04-27 13:49:49"}
{"level":"info","message":"::1 - - [27/Apr/2025:08:19:53 +0000] \"GET /restaurants?sort=rating&limit=6 HTTP/1.1\" 304 - \"http://localhost:3000/\" \"Mozilla/5.0 (Macintosh; Intel Mac OS X 10.15; rv:137.0) Gecko/20100101 Firefox/137.0\"","service":"restaurant-service","timestamp":"2025-04-27 13:49:53"}
{"level":"info","message":"::1 - - [27/Apr/2025:08:19:53 +0000] \"GET /restaurants?sort=rating&limit=6 HTTP/1.1\" 200 1486 \"http://localhost:3000/\" \"Mozilla/5.0 (Macintosh; Intel Mac OS X 10.15; rv:137.0) Gecko/20100101 Firefox/137.0\"","service":"restaurant-service","timestamp":"2025-04-27 13:49:53"}
{"level":"info","message":"::1 - - [27/Apr/2025:08:19:54 +0000] \"GET /restaurants/680cc8557d63ae7965a4a7a0 HTTP/1.1\" 304 - \"http://localhost:3000/\" \"Mozilla/5.0 (Macintosh; Intel Mac OS X 10.15; rv:137.0) Gecko/20100101 Firefox/137.0\"","service":"restaurant-service","timestamp":"2025-04-27 13:49:54"}
{"level":"info","message":"::1 - - [27/Apr/2025:08:19:54 +0000] \"GET /restaurants/680cc8557d63ae7965a4a7a0 HTTP/1.1\" 200 1429 \"http://localhost:3000/\" \"Mozilla/5.0 (Macintosh; Intel Mac OS X 10.15; rv:137.0) Gecko/20100101 Firefox/137.0\"","service":"restaurant-service","timestamp":"2025-04-27 13:49:54"}
{"level":"info","message":"::1 - - [27/Apr/2025:08:22:08 +0000] \"POST /restaurants HTTP/1.1\" 400 201 \"-\" \"PostmanRuntime/7.43.3\"","service":"restaurant-service","timestamp":"2025-04-27 13:52:08"}
{"level":"info","message":"::1 - - [27/Apr/2025:08:27:09 +0000] \"GET /restaurants/680cc8557d63ae7965a4a7a0 HTTP/1.1\" 304 - \"http://localhost:3000/\" \"Mozilla/5.0 (Macintosh; Intel Mac OS X 10.15; rv:137.0) Gecko/20100101 Firefox/137.0\"","service":"restaurant-service","timestamp":"2025-04-27 13:57:09"}
{"level":"info","message":"::1 - - [27/Apr/2025:08:27:09 +0000] \"GET /restaurants/680cc8557d63ae7965a4a7a0 HTTP/1.1\" 200 1429 \"http://localhost:3000/\" \"Mozilla/5.0 (Macintosh; Intel Mac OS X 10.15; rv:137.0) Gecko/20100101 Firefox/137.0\"","service":"restaurant-service","timestamp":"2025-04-27 13:57:09"}
{"level":"info","message":"::1 - - [27/Apr/2025:08:29:50 +0000] \"GET /restaurants?sort=rating&limit=6 HTTP/1.1\" 200 1486 \"http://localhost:3000/\" \"Mozilla/5.0 (Macintosh; Intel Mac OS X 10.15; rv:137.0) Gecko/20100101 Firefox/137.0\"","service":"restaurant-service","timestamp":"2025-04-27 13:59:50"}
{"level":"info","message":"::1 - - [27/Apr/2025:08:29:50 +0000] \"GET /restaurants?sort=rating&limit=6 HTTP/1.1\" 304 - \"http://localhost:3000/\" \"Mozilla/5.0 (Macintosh; Intel Mac OS X 10.15; rv:137.0) Gecko/20100101 Firefox/137.0\"","service":"restaurant-service","timestamp":"2025-04-27 13:59:50"}
{"level":"info","message":"::1 - - [27/Apr/2025:08:29:56 +0000] \"GET /restaurants?sort=rating&limit=6 HTTP/1.1\" 304 - \"http://localhost:3000/\" \"Mozilla/5.0 (Macintosh; Intel Mac OS X 10.15; rv:137.0) Gecko/20100101 Firefox/137.0\"","service":"restaurant-service","timestamp":"2025-04-27 13:59:56"}
{"level":"info","message":"::1 - - [27/Apr/2025:08:29:56 +0000] \"GET /restaurants?sort=rating&limit=6 HTTP/1.1\" 200 1486 \"http://localhost:3000/\" \"Mozilla/5.0 (Macintosh; Intel Mac OS X 10.15; rv:137.0) Gecko/20100101 Firefox/137.0\"","service":"restaurant-service","timestamp":"2025-04-27 13:59:56"}
{"level":"info","message":"::1 - - [27/Apr/2025:08:29:58 +0000] \"GET /restaurants/680cc8557d63ae7965a4a7a0 HTTP/1.1\" 304 - \"http://localhost:3000/\" \"Mozilla/5.0 (Macintosh; Intel Mac OS X 10.15; rv:137.0) Gecko/20100101 Firefox/137.0\"","service":"restaurant-service","timestamp":"2025-04-27 13:59:58"}
{"level":"info","message":"::1 - - [27/Apr/2025:08:29:58 +0000] \"GET /restaurants/680cc8557d63ae7965a4a7a0 HTTP/1.1\" 304 - \"http://localhost:3000/\" \"Mozilla/5.0 (Macintosh; Intel Mac OS X 10.15; rv:137.0) Gecko/20100101 Firefox/137.0\"","service":"restaurant-service","timestamp":"2025-04-27 13:59:58"}
{"level":"info","message":"::1 - - [27/Apr/2025:08:32:19 +0000] \"GET /restaurants/680cc8557d63ae7965a4a7a0 HTTP/1.1\" 304 - \"http://localhost:3000/\" \"Mozilla/5.0 (Macintosh; Intel Mac OS X 10.15; rv:137.0) Gecko/20100101 Firefox/137.0\"","service":"restaurant-service","timestamp":"2025-04-27 14:02:19"}
{"level":"info","message":"::1 - - [27/Apr/2025:08:32:19 +0000] \"GET /restaurants/680cc8557d63ae7965a4a7a0 HTTP/1.1\" 200 1429 \"http://localhost:3000/\" \"Mozilla/5.0 (Macintosh; Intel Mac OS X 10.15; rv:137.0) Gecko/20100101 Firefox/137.0\"","service":"restaurant-service","timestamp":"2025-04-27 14:02:19"}
{"level":"info","message":"::1 - - [27/Apr/2025:08:32:22 +0000] \"GET /restaurants?sort=rating&limit=6 HTTP/1.1\" 200 1486 \"http://localhost:3000/\" \"Mozilla/5.0 (Macintosh; Intel Mac OS X 10.15; rv:137.0) Gecko/20100101 Firefox/137.0\"","service":"restaurant-service","timestamp":"2025-04-27 14:02:22"}
{"level":"info","message":"::1 - - [27/Apr/2025:08:32:22 +0000] \"GET /restaurants?sort=rating&limit=6 HTTP/1.1\" 304 - \"http://localhost:3000/\" \"Mozilla/5.0 (Macintosh; Intel Mac OS X 10.15; rv:137.0) Gecko/20100101 Firefox/137.0\"","service":"restaurant-service","timestamp":"2025-04-27 14:02:22"}
{"level":"info","message":"::1 - - [27/Apr/2025:08:32:24 +0000] \"GET /restaurants/680cc8557d63ae7965a4a7a0 HTTP/1.1\" 304 - \"http://localhost:3000/\" \"Mozilla/5.0 (Macintosh; Intel Mac OS X 10.15; rv:137.0) Gecko/20100101 Firefox/137.0\"","service":"restaurant-service","timestamp":"2025-04-27 14:02:24"}
{"level":"info","message":"::1 - - [27/Apr/2025:08:32:25 +0000] \"GET /restaurants/680cc8557d63ae7965a4a7a0 HTTP/1.1\" 200 1429 \"http://localhost:3000/\" \"Mozilla/5.0 (Macintosh; Intel Mac OS X 10.15; rv:137.0) Gecko/20100101 Firefox/137.0\"","service":"restaurant-service","timestamp":"2025-04-27 14:02:25"}
{"level":"info","message":"::1 - - [27/Apr/2025:08:32:26 +0000] \"GET /restaurants?sort=rating&limit=6 HTTP/1.1\" 200 1486 \"http://localhost:3000/\" \"Mozilla/5.0 (Macintosh; Intel Mac OS X 10.15; rv:137.0) Gecko/20100101 Firefox/137.0\"","service":"restaurant-service","timestamp":"2025-04-27 14:02:26"}
{"level":"info","message":"::1 - - [27/Apr/2025:08:32:26 +0000] \"GET /restaurants?sort=rating&limit=6 HTTP/1.1\" 304 - \"http://localhost:3000/\" \"Mozilla/5.0 (Macintosh; Intel Mac OS X 10.15; rv:137.0) Gecko/20100101 Firefox/137.0\"","service":"restaurant-service","timestamp":"2025-04-27 14:02:26"}
{"level":"info","message":"::1 - - [27/Apr/2025:08:32:43 +0000] \"GET /restaurants?sort=rating&limit=6 HTTP/1.1\" 304 - \"http://localhost:3000/\" \"Mozilla/5.0 (Macintosh; Intel Mac OS X 10.15; rv:137.0) Gecko/20100101 Firefox/137.0\"","service":"restaurant-service","timestamp":"2025-04-27 14:02:43"}
{"level":"info","message":"::1 - - [27/Apr/2025:08:32:43 +0000] \"GET /restaurants?sort=rating&limit=6 HTTP/1.1\" 200 1486 \"http://localhost:3000/\" \"Mozilla/5.0 (Macintosh; Intel Mac OS X 10.15; rv:137.0) Gecko/20100101 Firefox/137.0\"","service":"restaurant-service","timestamp":"2025-04-27 14:02:43"}
{"level":"info","message":"::1 - - [27/Apr/2025:08:33:17 +0000] \"GET /restaurants?sort=rating&limit=6 HTTP/1.1\" 200 1486 \"http://localhost:3000/\" \"Mozilla/5.0 (Macintosh; Intel Mac OS X 10.15; rv:137.0) Gecko/20100101 Firefox/137.0\"","service":"restaurant-service","timestamp":"2025-04-27 14:03:17"}
{"level":"info","message":"::1 - - [27/Apr/2025:08:33:17 +0000] \"GET /restaurants?sort=rating&limit=6 HTTP/1.1\" 304 - \"http://localhost:3000/\" \"Mozilla/5.0 (Macintosh; Intel Mac OS X 10.15; rv:137.0) Gecko/20100101 Firefox/137.0\"","service":"restaurant-service","timestamp":"2025-04-27 14:03:17"}
{"level":"info","message":"::1 - - [27/Apr/2025:08:33:42 +0000] \"GET /restaurants?sort=rating&limit=6 HTTP/1.1\" 304 - \"http://localhost:3000/\" \"Mozilla/5.0 (Macintosh; Intel Mac OS X 10.15; rv:137.0) Gecko/20100101 Firefox/137.0\"","service":"restaurant-service","timestamp":"2025-04-27 14:03:42"}
{"level":"info","message":"::1 - - [27/Apr/2025:08:33:42 +0000] \"GET /restaurants?sort=rating&limit=6 HTTP/1.1\" 304 - \"http://localhost:3000/\" \"Mozilla/5.0 (Macintosh; Intel Mac OS X 10.15; rv:137.0) Gecko/20100101 Firefox/137.0\"","service":"restaurant-service","timestamp":"2025-04-27 14:03:42"}
{"level":"info","message":"::1 - - [27/Apr/2025:08:37:50 +0000] \"GET /restaurants/680cc8557d63ae7965a4a7a0 HTTP/1.1\" 304 - \"http://localhost:3000/\" \"Mozilla/5.0 (Macintosh; Intel Mac OS X 10.15; rv:137.0) Gecko/20100101 Firefox/137.0\"","service":"restaurant-service","timestamp":"2025-04-27 14:07:50"}
{"level":"info","message":"::1 - - [27/Apr/2025:08:37:50 +0000] \"GET /restaurants/680cc8557d63ae7965a4a7a0 HTTP/1.1\" 304 - \"http://localhost:3000/\" \"Mozilla/5.0 (Macintosh; Intel Mac OS X 10.15; rv:137.0) Gecko/20100101 Firefox/137.0\"","service":"restaurant-service","timestamp":"2025-04-27 14:07:50"}
{"level":"info","message":"::1 - - [27/Apr/2025:08:37:51 +0000] \"GET /restaurants?sort=rating&limit=6 HTTP/1.1\" 304 - \"http://localhost:3000/\" \"Mozilla/5.0 (Macintosh; Intel Mac OS X 10.15; rv:137.0) Gecko/20100101 Firefox/137.0\"","service":"restaurant-service","timestamp":"2025-04-27 14:07:51"}
{"level":"info","message":"::1 - - [27/Apr/2025:08:37:52 +0000] \"GET /restaurants?sort=rating&limit=6 HTTP/1.1\" 304 - \"http://localhost:3000/\" \"Mozilla/5.0 (Macintosh; Intel Mac OS X 10.15; rv:137.0) Gecko/20100101 Firefox/137.0\"","service":"restaurant-service","timestamp":"2025-04-27 14:07:52"}
{"level":"info","message":"::1 - - [27/Apr/2025:08:38:09 +0000] \"GET /restaurants?sort=rating&limit=6 HTTP/1.1\" 304 - \"http://localhost:3000/\" \"Mozilla/5.0 (Macintosh; Intel Mac OS X 10.15; rv:137.0) Gecko/20100101 Firefox/137.0\"","service":"restaurant-service","timestamp":"2025-04-27 14:08:09"}
{"level":"info","message":"::1 - - [27/Apr/2025:08:38:09 +0000] \"GET /restaurants?sort=rating&limit=6 HTTP/1.1\" 200 1486 \"http://localhost:3000/\" \"Mozilla/5.0 (Macintosh; Intel Mac OS X 10.15; rv:137.0) Gecko/20100101 Firefox/137.0\"","service":"restaurant-service","timestamp":"2025-04-27 14:08:09"}
{"level":"info","message":"::1 - - [27/Apr/2025:08:38:11 +0000] \"GET /restaurants/680cc8557d63ae7965a4a7a0 HTTP/1.1\" 304 - \"http://localhost:3000/\" \"Mozilla/5.0 (Macintosh; Intel Mac OS X 10.15; rv:137.0) Gecko/20100101 Firefox/137.0\"","service":"restaurant-service","timestamp":"2025-04-27 14:08:11"}
{"level":"info","message":"::1 - - [27/Apr/2025:08:38:11 +0000] \"GET /restaurants/680cc8557d63ae7965a4a7a0 HTTP/1.1\" 200 1429 \"http://localhost:3000/\" \"Mozilla/5.0 (Macintosh; Intel Mac OS X 10.15; rv:137.0) Gecko/20100101 Firefox/137.0\"","service":"restaurant-service","timestamp":"2025-04-27 14:08:11"}
{"level":"info","message":"::1 - - [27/Apr/2025:08:38:30 +0000] \"GET /restaurants/owner/me HTTP/1.1\" 403 52 \"http://localhost:3000/\" \"Mozilla/5.0 (Macintosh; Intel Mac OS X 10.15; rv:137.0) Gecko/20100101 Firefox/137.0\"","service":"restaurant-service","timestamp":"2025-04-27 14:08:30"}
{"level":"info","message":"::1 - - [27/Apr/2025:08:38:30 +0000] \"GET /restaurants/owner/me HTTP/1.1\" 403 52 \"http://localhost:3000/\" \"Mozilla/5.0 (Macintosh; Intel Mac OS X 10.15; rv:137.0) Gecko/20100101 Firefox/137.0\"","service":"restaurant-service","timestamp":"2025-04-27 14:08:30"}
{"level":"info","message":"::1 - - [27/Apr/2025:08:39:11 +0000] \"GET /restaurants/owner/me HTTP/1.1\" 403 52 \"http://localhost:3000/\" \"Mozilla/5.0 (Macintosh; Intel Mac OS X 10.15; rv:137.0) Gecko/20100101 Firefox/137.0\"","service":"restaurant-service","timestamp":"2025-04-27 14:09:11"}
{"level":"info","message":"::1 - - [27/Apr/2025:08:39:11 +0000] \"GET /restaurants/owner/me HTTP/1.1\" 403 52 \"http://localhost:3000/\" \"Mozilla/5.0 (Macintosh; Intel Mac OS X 10.15; rv:137.0) Gecko/20100101 Firefox/137.0\"","service":"restaurant-service","timestamp":"2025-04-27 14:09:11"}
{"level":"info","message":"::1 - - [27/Apr/2025:08:42:45 +0000] \"GET /restaurants?sort=rating&limit=6 HTTP/1.1\" 200 1486 \"http://localhost:3000/\" \"Mozilla/5.0 (Macintosh; Intel Mac OS X 10.15; rv:137.0) Gecko/20100101 Firefox/137.0\"","service":"restaurant-service","timestamp":"2025-04-27 14:12:45"}
{"level":"info","message":"::1 - - [27/Apr/2025:08:42:45 +0000] \"GET /restaurants?sort=rating&limit=6 HTTP/1.1\" 304 - \"http://localhost:3000/\" \"Mozilla/5.0 (Macintosh; Intel Mac OS X 10.15; rv:137.0) Gecko/20100101 Firefox/137.0\"","service":"restaurant-service","timestamp":"2025-04-27 14:12:45"}
{"level":"info","message":"::1 - - [27/Apr/2025:08:42:52 +0000] \"GET /restaurants/680cc8557d63ae7965a4a7a0 HTTP/1.1\" 304 - \"http://localhost:3000/\" \"Mozilla/5.0 (Macintosh; Intel Mac OS X 10.15; rv:137.0) Gecko/20100101 Firefox/137.0\"","service":"restaurant-service","timestamp":"2025-04-27 14:12:52"}
{"level":"info","message":"::1 - - [27/Apr/2025:08:42:52 +0000] \"GET /restaurants/680cc8557d63ae7965a4a7a0 HTTP/1.1\" 200 1429 \"http://localhost:3000/\" \"Mozilla/5.0 (Macintosh; Intel Mac OS X 10.15; rv:137.0) Gecko/20100101 Firefox/137.0\"","service":"restaurant-service","timestamp":"2025-04-27 14:12:52"}
{"level":"info","message":"::1 - - [27/Apr/2025:08:46:42 +0000] \"GET /restaurants?sort=rating&limit=6 HTTP/1.1\" 304 - \"http://localhost:3000/\" \"Mozilla/5.0 (Macintosh; Intel Mac OS X 10.15; rv:137.0) Gecko/20100101 Firefox/137.0\"","service":"restaurant-service","timestamp":"2025-04-27 14:16:42"}
{"level":"info","message":"::1 - - [27/Apr/2025:08:46:42 +0000] \"GET /restaurants?sort=rating&limit=6 HTTP/1.1\" 200 1486 \"http://localhost:3000/\" \"Mozilla/5.0 (Macintosh; Intel Mac OS X 10.15; rv:137.0) Gecko/20100101 Firefox/137.0\"","service":"restaurant-service","timestamp":"2025-04-27 14:16:42"}
{"level":"info","message":"::1 - - [27/Apr/2025:08:46:44 +0000] \"GET /restaurants/680cc8557d63ae7965a4a7a0 HTTP/1.1\" 304 - \"http://localhost:3000/\" \"Mozilla/5.0 (Macintosh; Intel Mac OS X 10.15; rv:137.0) Gecko/20100101 Firefox/137.0\"","service":"restaurant-service","timestamp":"2025-04-27 14:16:44"}
{"level":"info","message":"::1 - - [27/Apr/2025:08:46:44 +0000] \"GET /restaurants/680cc8557d63ae7965a4a7a0 HTTP/1.1\" 200 1429 \"http://localhost:3000/\" \"Mozilla/5.0 (Macintosh; Intel Mac OS X 10.15; rv:137.0) Gecko/20100101 Firefox/137.0\"","service":"restaurant-service","timestamp":"2025-04-27 14:16:44"}
{"level":"info","message":"::1 - - [27/Apr/2025:08:47:09 +0000] \"GET /restaurants?sort=rating&limit=6 HTTP/1.1\" 200 1486 \"http://localhost:3000/\" \"Mozilla/5.0 (Macintosh; Intel Mac OS X 10.15; rv:137.0) Gecko/20100101 Firefox/137.0\"","service":"restaurant-service","timestamp":"2025-04-27 14:17:09"}
{"level":"info","message":"::1 - - [27/Apr/2025:08:47:09 +0000] \"GET /restaurants?sort=rating&limit=6 HTTP/1.1\" 304 - \"http://localhost:3000/\" \"Mozilla/5.0 (Macintosh; Intel Mac OS X 10.15; rv:137.0) Gecko/20100101 Firefox/137.0\"","service":"restaurant-service","timestamp":"2025-04-27 14:17:09"}
{"level":"info","message":"::1 - - [27/Apr/2025:08:47:11 +0000] \"GET /restaurants/680cc8557d63ae7965a4a7a0 HTTP/1.1\" 304 - \"http://localhost:3000/\" \"Mozilla/5.0 (Macintosh; Intel Mac OS X 10.15; rv:137.0) Gecko/20100101 Firefox/137.0\"","service":"restaurant-service","timestamp":"2025-04-27 14:17:11"}
{"level":"info","message":"::1 - - [27/Apr/2025:08:47:11 +0000] \"GET /restaurants/680cc8557d63ae7965a4a7a0 HTTP/1.1\" 200 1429 \"http://localhost:3000/\" \"Mozilla/5.0 (Macintosh; Intel Mac OS X 10.15; rv:137.0) Gecko/20100101 Firefox/137.0\"","service":"restaurant-service","timestamp":"2025-04-27 14:17:11"}
{"level":"info","message":"::1 - - [27/Apr/2025:08:47:39 +0000] \"GET /restaurants?sort=rating&limit=6 HTTP/1.1\" 304 - \"http://localhost:3000/\" \"Mozilla/5.0 (Macintosh; Intel Mac OS X 10.15; rv:137.0) Gecko/20100101 Firefox/137.0\"","service":"restaurant-service","timestamp":"2025-04-27 14:17:39"}
{"level":"info","message":"::1 - - [27/Apr/2025:08:47:39 +0000] \"GET /restaurants?sort=rating&limit=6 HTTP/1.1\" 200 1486 \"http://localhost:3000/\" \"Mozilla/5.0 (Macintosh; Intel Mac OS X 10.15; rv:137.0) Gecko/20100101 Firefox/137.0\"","service":"restaurant-service","timestamp":"2025-04-27 14:17:39"}
{"level":"info","message":"::1 - - [27/Apr/2025:08:47:42 +0000] \"GET /restaurants/680cc8557d63ae7965a4a7a0 HTTP/1.1\" 304 - \"http://localhost:3000/\" \"Mozilla/5.0 (Macintosh; Intel Mac OS X 10.15; rv:137.0) Gecko/20100101 Firefox/137.0\"","service":"restaurant-service","timestamp":"2025-04-27 14:17:42"}
{"level":"info","message":"::1 - - [27/Apr/2025:08:47:42 +0000] \"GET /restaurants/680cc8557d63ae7965a4a7a0 HTTP/1.1\" 200 1429 \"http://localhost:3000/\" \"Mozilla/5.0 (Macintosh; Intel Mac OS X 10.15; rv:137.0) Gecko/20100101 Firefox/137.0\"","service":"restaurant-service","timestamp":"2025-04-27 14:17:42"}
{"level":"info","message":"::1 - - [27/Apr/2025:08:48:05 +0000] \"GET /restaurants/680cc8557d63ae7965a4a7a0 HTTP/1.1\" 200 1429 \"-\" \"PostmanRuntime/7.43.3\"","service":"restaurant-service","timestamp":"2025-04-27 14:18:05"}
{"level":"info","message":"::1 - - [27/Apr/2025:08:50:44 +0000] \"GET /restaurants?sort=rating&limit=6 HTTP/1.1\" 200 1486 \"http://localhost:3000/\" \"Mozilla/5.0 (Macintosh; Intel Mac OS X 10.15; rv:137.0) Gecko/20100101 Firefox/137.0\"","service":"restaurant-service","timestamp":"2025-04-27 14:20:44"}
{"level":"info","message":"::1 - - [27/Apr/2025:08:50:44 +0000] \"GET /restaurants?sort=rating&limit=6 HTTP/1.1\" 304 - \"http://localhost:3000/\" \"Mozilla/5.0 (Macintosh; Intel Mac OS X 10.15; rv:137.0) Gecko/20100101 Firefox/137.0\"","service":"restaurant-service","timestamp":"2025-04-27 14:20:44"}
{"level":"info","message":"::1 - - [27/Apr/2025:08:50:50 +0000] \"GET /restaurants?sort=rating&limit=6 HTTP/1.1\" 200 1486 \"http://localhost:3000/\" \"Mozilla/5.0 (Macintosh; Intel Mac OS X 10.15; rv:137.0) Gecko/20100101 Firefox/137.0\"","service":"restaurant-service","timestamp":"2025-04-27 14:20:50"}
{"level":"info","message":"::1 - - [27/Apr/2025:08:50:50 +0000] \"GET /restaurants?sort=rating&limit=6 HTTP/1.1\" 304 - \"http://localhost:3000/\" \"Mozilla/5.0 (Macintosh; Intel Mac OS X 10.15; rv:137.0) Gecko/20100101 Firefox/137.0\"","service":"restaurant-service","timestamp":"2025-04-27 14:20:50"}
{"level":"info","message":"::1 - - [27/Apr/2025:08:51:05 +0000] \"GET /restaurants?sort=rating&limit=6 HTTP/1.1\" 200 1486 \"http://localhost:3000/\" \"Mozilla/5.0 (Macintosh; Intel Mac OS X 10.15; rv:137.0) Gecko/20100101 Firefox/137.0\"","service":"restaurant-service","timestamp":"2025-04-27 14:21:05"}
{"level":"info","message":"::1 - - [27/Apr/2025:08:51:05 +0000] \"GET /restaurants?sort=rating&limit=6 HTTP/1.1\" 304 - \"http://localhost:3000/\" \"Mozilla/5.0 (Macintosh; Intel Mac OS X 10.15; rv:137.0) Gecko/20100101 Firefox/137.0\"","service":"restaurant-service","timestamp":"2025-04-27 14:21:05"}
{"level":"warn","message":"Route not found: POST /restaurants/menus","service":"restaurant-service","timestamp":"2025-04-27 14:22:11"}
{"level":"info","message":"::1 - - [27/Apr/2025:08:52:11 +0000] \"POST /restaurants/menus HTTP/1.1\" 404 29 \"-\" \"PostmanRuntime/7.43.3\"","service":"restaurant-service","timestamp":"2025-04-27 14:22:11"}
