{"level":"info","message":"Auth Service running on port 3001","service":"auth-service","timestamp":"2025-04-26 20:48:59"}
{"level":"info","message":"Connected to MongoDB","service":"auth-service","timestamp":"2025-04-26 20:49:01"}
{"level":"info","message":"::1 - - [26/Apr/2025:15:27:25 +0000] \"GET /health HTTP/1.1\" 200 51 \"-\" \"PostmanRuntime/7.43.3\"","service":"auth-service","timestamp":"2025-04-26 20:57:25"}
{"level":"error","message":"Error: request aborted","service":"auth-service","timestamp":"2025-04-26 21:01:29"}
{"level":"error","message":"Error: request aborted","service":"auth-service","timestamp":"2025-04-26 21:02:59"}
{"level":"error","message":"Error: request aborted","service":"auth-service","timestamp":"2025-04-26 21:03:59"}
{"level":"info","message":"Auth Service running on port 3001","service":"auth-service","timestamp":"2025-04-26 21:11:02"}
{"level":"info","message":"Connected to MongoDB","service":"auth-service","timestamp":"2025-04-26 21:11:04"}
{"level":"info","message":"::1 - - [26/Apr/2025:15:43:18 +0000] \"GET /health HTTP/1.1\" 200 51 \"-\" \"PostmanRuntime/7.43.3\"","service":"auth-service","timestamp":"2025-04-26 21:13:18"}
{"level":"error","message":"Error: request aborted","service":"auth-service","timestamp":"2025-04-26 21:16:32"}
{"level":"info","message":"Auth Service running on port 3001","service":"auth-service","timestamp":"2025-04-26 21:23:49"}
{"level":"info","message":"Connected to MongoDB","service":"auth-service","timestamp":"2025-04-26 21:23:51"}
{"level":"info","message":"::1 - - [26/Apr/2025:15:53:59 +0000] \"GET /health HTTP/1.1\" 200 51 \"-\" \"PostmanRuntime/7.43.3\"","service":"auth-service","timestamp":"2025-04-26 21:23:59"}
{"level":"info","message":"Auth Service running on port 3001","service":"auth-service","timestamp":"2025-04-26 21:29:42"}
{"level":"info","message":"Connected to MongoDB","service":"auth-service","timestamp":"2025-04-26 21:29:43"}
{"level":"info","message":"::1 - - [26/Apr/2025:16:00:03 +0000] \"GET /health HTTP/1.1\" 200 51 \"-\" \"PostmanRuntime/7.43.3\"","service":"auth-service","timestamp":"2025-04-26 21:30:03"}
{"level":"error","message":"Error: request aborted","service":"auth-service","timestamp":"2025-04-26 21:35:12"}
{"level":"info","message":"Auth Service running on port 3001","service":"auth-service","timestamp":"2025-04-26 21:43:59"}
{"level":"info","message":"Connected to MongoDB","service":"auth-service","timestamp":"2025-04-26 21:44:00"}
{"level":"info","message":"Auth Service running on port 3001","service":"auth-service","timestamp":"2025-04-26 21:45:25"}
{"level":"info","message":"Connected to MongoDB","service":"auth-service","timestamp":"2025-04-26 21:45:27"}
{"level":"info","message":"Auth Service running on port 3001","service":"auth-service","timestamp":"2025-04-26 21:48:21"}
{"level":"info","message":"Connected to MongoDB","service":"auth-service","timestamp":"2025-04-26 21:48:22"}
{"level":"info","message":"::1 - - [26/Apr/2025:16:18:50 +0000] \"GET /health HTTP/1.1\" 200 51 \"-\" \"PostmanRuntime/7.43.3\"","service":"auth-service","timestamp":"2025-04-26 21:48:50"}
{"level":"info","message":"Auth Service running on port 3001","service":"auth-service","timestamp":"2025-04-26 21:49:48"}
{"level":"info","message":"Connected to MongoDB","service":"auth-service","timestamp":"2025-04-26 21:49:49"}
{"level":"info","message":"::1 - - [26/Apr/2025:16:19:54 +0000] \"GET /health HTTP/1.1\" 200 51 \"-\" \"PostmanRuntime/7.43.3\"","service":"auth-service","timestamp":"2025-04-26 21:49:54"}
{"level":"info","message":"::1 - - [26/Apr/2025:16:21:47 +0000] \"GET /health HTTP/1.1\" 200 51 \"-\" \"PostmanRuntime/7.43.3\"","service":"auth-service","timestamp":"2025-04-26 21:51:47"}
{"level":"info","message":"Auth Service running on port 3001","service":"auth-service","timestamp":"2025-04-26 21:52:53"}
{"level":"info","message":"Connected to MongoDB","service":"auth-service","timestamp":"2025-04-26 21:52:54"}
{"level":"info","message":"::1 - - [26/Apr/2025:16:22:59 +0000] \"GET /health HTTP/1.1\" 200 51 \"-\" \"PostmanRuntime/7.43.3\"","service":"auth-service","timestamp":"2025-04-26 21:52:59"}
{"level":"info","message":"Auth Service running on port 3001","service":"auth-service","timestamp":"2025-04-26 21:56:27"}
{"level":"info","message":"Connected to MongoDB","service":"auth-service","timestamp":"2025-04-26 21:56:29"}
{"level":"info","message":"::1 - - [26/Apr/2025:16:27:35 +0000] \"POST /register HTTP/1.1\" 201 520 \"-\" \"PostmanRuntime/7.43.3\"","service":"auth-service","timestamp":"2025-04-26 21:57:35"}
{"level":"error","message":"Error: request aborted","service":"auth-service","timestamp":"2025-04-26 21:59:18"}
{"level":"error","message":"Error: request aborted","service":"auth-service","timestamp":"2025-04-26 21:59:18"}
{"level":"error","message":"Error: request aborted","service":"auth-service","timestamp":"2025-04-26 22:00:46"}
{"level":"info","message":"Auth Service running on port 3001","service":"auth-service","timestamp":"2025-04-26 22:00:52"}
{"level":"info","message":"Connected to MongoDB","service":"auth-service","timestamp":"2025-04-26 22:00:53"}
{"level":"error","message":"Error: request aborted","service":"auth-service","timestamp":"2025-04-26 22:02:16"}
{"level":"info","message":"Auth Service running on port 3001","service":"auth-service","timestamp":"2025-04-26 22:03:47"}
{"level":"info","message":"Connected to MongoDB","service":"auth-service","timestamp":"2025-04-26 22:03:48"}
{"level":"info","message":"::1 - - [26/Apr/2025:16:35:13 +0000] \"POST /login HTTP/1.1\" 200 507 \"-\" \"PostmanRuntime/7.43.3\"","service":"auth-service","timestamp":"2025-04-26 22:05:13"}
{"level":"error","message":"Error: request aborted","service":"auth-service","timestamp":"2025-04-26 22:09:17"}
{"level":"error","message":"Error: request aborted","service":"auth-service","timestamp":"2025-04-26 22:09:17"}
{"level":"error","message":"Error: request aborted","service":"auth-service","timestamp":"2025-04-26 22:12:31"}
{"level":"info","message":"::1 - - [26/Apr/2025:16:47:46 +0000] \"GET /health HTTP/1.1\" 200 51 \"-\" \"PostmanRuntime/7.43.3\"","service":"auth-service","timestamp":"2025-04-26 22:17:46"}
{"level":"error","message":"Error: request aborted","service":"auth-service","timestamp":"2025-04-26 22:17:47"}
{"level":"info","message":"::1 - - [26/Apr/2025:16:47:59 +0000] \"GET /health HTTP/1.1\" 200 51 \"-\" \"PostmanRuntime/7.43.3\"","service":"auth-service","timestamp":"2025-04-26 22:17:59"}
{"level":"error","message":"Error: request aborted","service":"auth-service","timestamp":"2025-04-26 22:18:17"}
{"level":"error","message":"Error: request aborted","service":"auth-service","timestamp":"2025-04-26 22:33:17"}
{"level":"info","message":"::1 - - [26/Apr/2025:17:07:29 +0000] \"POST /login HTTP/1.1\" 200 507 \"-\" \"PostmanRuntime/7.43.3\"","service":"auth-service","timestamp":"2025-04-26 22:37:29"}
{"level":"warn","message":"Route not found: POST /api/auth/register","service":"auth-service","timestamp":"2025-04-26 22:38:16"}
{"level":"info","message":"::1 - - [26/Apr/2025:17:08:16 +0000] \"POST /api/auth/register HTTP/1.1\" 404 29 \"-\" \"PostmanRuntime/7.43.3\"","service":"auth-service","timestamp":"2025-04-26 22:38:16"}
{"level":"info","message":"::1 - - [26/Apr/2025:17:08:24 +0000] \"POST /register HTTP/1.1\" 400 102 \"-\" \"PostmanRuntime/7.43.3\"","service":"auth-service","timestamp":"2025-04-26 22:38:24"}
{"level":"info","message":"Auth Service running on port 3001","service":"auth-service","timestamp":"2025-04-26 22:40:59"}
{"level":"info","message":"Connected to MongoDB","service":"auth-service","timestamp":"2025-04-26 22:41:02"}
{"level":"info","message":"Auth Service running on port 3001","service":"auth-service","timestamp":"2025-04-26 22:45:28"}
{"level":"info","message":"Connected to MongoDB","service":"auth-service","timestamp":"2025-04-26 22:45:30"}
{"level":"warn","message":"Route not found: POST /api/auth/register","service":"auth-service","timestamp":"2025-04-26 22:46:14"}
{"level":"info","message":"::1 - - [26/Apr/2025:17:16:14 +0000] \"POST /api/auth/register HTTP/1.1\" 404 29 \"-\" \"PostmanRuntime/7.43.3\"","service":"auth-service","timestamp":"2025-04-26 22:46:14"}
{"level":"warn","message":"Route not found: POST /api/auth/register","service":"auth-service","timestamp":"2025-04-26 22:51:50"}
{"level":"info","message":"::1 - - [26/Apr/2025:17:21:50 +0000] \"POST /api/auth/register HTTP/1.1\" 404 29 \"-\" \"PostmanRuntime/7.43.3\"","service":"auth-service","timestamp":"2025-04-26 22:51:50"}
{"level":"warn","message":"Route not found: POST /api/auth/register","service":"auth-service","timestamp":"2025-04-26 22:54:15"}
{"level":"info","message":"::1 - - [26/Apr/2025:17:24:15 +0000] \"POST /api/auth/register HTTP/1.1\" 404 29 \"-\" \"PostmanRuntime/7.43.3\"","service":"auth-service","timestamp":"2025-04-26 22:54:15"}
{"level":"warn","message":"Route not found: POST /api/auth/register","service":"auth-service","timestamp":"2025-04-26 23:02:09"}
{"level":"info","message":"::1 - - [26/Apr/2025:17:32:09 +0000] \"POST /api/auth/register HTTP/1.1\" 404 29 \"-\" \"PostmanRuntime/7.43.3\"","service":"auth-service","timestamp":"2025-04-26 23:02:09"}
{"level":"warn","message":"Route not found: POST /api/auth/check","service":"auth-service","timestamp":"2025-04-26 23:03:14"}
{"level":"info","message":"::1 - - [26/Apr/2025:17:33:14 +0000] \"POST /api/auth/check HTTP/1.1\" 404 29 \"-\" \"PostmanRuntime/7.43.3\"","service":"auth-service","timestamp":"2025-04-26 23:03:14"}
{"level":"warn","message":"Route not found: POST /api/auth/health","service":"auth-service","timestamp":"2025-04-26 23:03:18"}
{"level":"info","message":"::1 - - [26/Apr/2025:17:33:18 +0000] \"POST /api/auth/health HTTP/1.1\" 404 29 \"-\" \"PostmanRuntime/7.43.3\"","service":"auth-service","timestamp":"2025-04-26 23:03:18"}
{"level":"warn","message":"Route not found: GET /api/auth/check","service":"auth-service","timestamp":"2025-04-26 23:06:26"}
{"level":"info","message":"::1 - - [26/Apr/2025:17:36:26 +0000] \"GET /api/auth/check HTTP/1.1\" 404 29 \"-\" \"PostmanRuntime/7.43.3\"","service":"auth-service","timestamp":"2025-04-26 23:06:26"}
{"level":"warn","message":"Route not found: GET /api/auth/health","service":"auth-service","timestamp":"2025-04-26 23:06:49"}
{"level":"info","message":"::1 - - [26/Apr/2025:17:36:49 +0000] \"GET /api/auth/health HTTP/1.1\" 404 29 \"-\" \"PostmanRuntime/7.43.3\"","service":"auth-service","timestamp":"2025-04-26 23:06:49"}
{"level":"warn","message":"Route not found: GET /api/auth/health","service":"auth-service","timestamp":"2025-04-26 23:07:27"}
{"level":"info","message":"::1 - - [26/Apr/2025:17:37:27 +0000] \"GET /api/auth/health HTTP/1.1\" 404 29 \"-\" \"PostmanRuntime/7.43.3\"","service":"auth-service","timestamp":"2025-04-26 23:07:27"}
{"level":"info","message":"Auth Service running on port 3001","service":"auth-service","timestamp":"2025-04-26 23:08:09"}
{"level":"info","message":"Connected to MongoDB","service":"auth-service","timestamp":"2025-04-26 23:08:10"}
{"level":"info","message":"::1 - - [26/Apr/2025:17:38:21 +0000] \"GET /health HTTP/1.1\" 200 51 \"-\" \"PostmanRuntime/7.43.3\"","service":"auth-service","timestamp":"2025-04-26 23:08:21"}
{"level":"error","message":"Registration error: E11000 duplicate key error collection: test.users index: username_1 dup key: { username: null }","service":"auth-service","timestamp":"2025-04-26 23:08:28"}
{"level":"info","message":"::1 - - [26/Apr/2025:17:38:28 +0000] \"POST /register HTTP/1.1\" 500 152 \"-\" \"PostmanRuntime/7.43.3\"","service":"auth-service","timestamp":"2025-04-26 23:08:28"}
{"level":"error","message":"Registration error: E11000 duplicate key error collection: test.users index: username_1 dup key: { username: null }","service":"auth-service","timestamp":"2025-04-26 23:08:42"}
{"level":"info","message":"::1 - - [26/Apr/2025:17:38:42 +0000] \"POST /register HTTP/1.1\" 500 152 \"-\" \"PostmanRuntime/7.43.3\"","service":"auth-service","timestamp":"2025-04-26 23:08:42"}
{"level":"error","message":"Registration error: E11000 duplicate key error collection: test.users index: username_1 dup key: { username: null }","service":"auth-service","timestamp":"2025-04-26 23:09:14"}
{"level":"info","message":"::1 - - [26/Apr/2025:17:39:14 +0000] \"POST /register HTTP/1.1\" 500 152 \"-\" \"PostmanRuntime/7.43.3\"","service":"auth-service","timestamp":"2025-04-26 23:09:14"}
{"level":"info","message":"Auth Service running on port 3001","service":"auth-service","timestamp":"2025-04-26 23:11:52"}
{"level":"info","message":"Connected to MongoDB","service":"auth-service","timestamp":"2025-04-26 23:11:55"}
{"level":"error","message":"Registration error: E11000 duplicate key error collection: test.users index: username_1 dup key: { username: null }","service":"auth-service","timestamp":"2025-04-26 23:11:57"}
{"level":"info","message":"::1 - - [26/Apr/2025:17:41:57 +0000] \"POST /register HTTP/1.1\" 500 152 \"-\" \"PostmanRuntime/7.43.3\"","service":"auth-service","timestamp":"2025-04-26 23:11:57"}
{"level":"info","message":"Auth Service running on port 3001","service":"auth-service","timestamp":"2025-04-26 23:13:09"}
{"level":"info","message":"Connected to MongoDB","service":"auth-service","timestamp":"2025-04-26 23:13:10"}
{"level":"info","message":"::1 - - [26/Apr/2025:17:43:23 +0000] \"POST /register HTTP/1.1\" 201 488 \"-\" \"PostmanRuntime/7.43.3\"","service":"auth-service","timestamp":"2025-04-26 23:13:23"}
{"level":"info","message":"::1 - - [26/Apr/2025:17:43:36 +0000] \"POST /login HTTP/1.1\" 200 475 \"-\" \"PostmanRuntime/7.43.3\"","service":"auth-service","timestamp":"2025-04-26 23:13:36"}
{"level":"info","message":"::1 - - [26/Apr/2025:17:44:09 +0000] \"POST /register HTTP/1.1\" 201 501 \"-\" \"PostmanRuntime/7.43.3\"","service":"auth-service","timestamp":"2025-04-26 23:14:09"}
{"level":"info","message":"Auth Service running on port 3001","service":"auth-service","timestamp":"2025-04-27 12:07:37"}
{"level":"info","message":"Connected to MongoDB","service":"auth-service","timestamp":"2025-04-27 12:07:41"}
{"level":"info","message":"::1 - - [27/Apr/2025:06:41:28 +0000] \"GET /health HTTP/1.1\" 200 51 \"-\" \"PostmanRuntime/7.43.3\"","service":"auth-service","timestamp":"2025-04-27 12:11:28"}
{"level":"info","message":"::1 - - [27/Apr/2025:06:42:35 +0000] \"POST /login HTTP/1.1\" 401 39 \"-\" \"PostmanRuntime/7.43.3\"","service":"auth-service","timestamp":"2025-04-27 12:12:35"}
{"level":"info","message":"::1 - - [27/Apr/2025:06:42:55 +0000] \"POST /login HTTP/1.1\" 200 522 \"-\" \"PostmanRuntime/7.43.3\"","service":"auth-service","timestamp":"2025-04-27 12:12:55"}
{"level":"info","message":"::1 - - [27/Apr/2025:06:48:35 +0000] \"POST /login HTTP/1.1\" 200 518 \"http://localhost:3000/\" \"Mozilla/5.0 (Macintosh; Intel Mac OS X 10.15; rv:137.0) Gecko/20100101 Firefox/137.0\"","service":"auth-service","timestamp":"2025-04-27 12:18:35"}
{"level":"info","message":"::1 - - [27/Apr/2025:06:49:49 +0000] \"GET /users/profile HTTP/1.1\" 304 - \"http://localhost:3000/\" \"Mozilla/5.0 (Macintosh; Intel Mac OS X 10.15; rv:137.0) Gecko/20100101 Firefox/137.0\"","service":"auth-service","timestamp":"2025-04-27 12:19:49"}
{"level":"info","message":"::1 - - [27/Apr/2025:06:49:55 +0000] \"GET /users/profile HTTP/1.1\" 304 - \"http://localhost:3000/\" \"Mozilla/5.0 (Macintosh; Intel Mac OS X 10.15; rv:137.0) Gecko/20100101 Firefox/137.0\"","service":"auth-service","timestamp":"2025-04-27 12:19:55"}
{"level":"info","message":"::1 - - [27/Apr/2025:06:50:16 +0000] \"POST /login HTTP/1.1\" 401 39 \"http://localhost:3000/\" \"Mozilla/5.0 (Macintosh; Intel Mac OS X 10.15; rv:137.0) Gecko/20100101 Firefox/137.0\"","service":"auth-service","timestamp":"2025-04-27 12:20:16"}
{"level":"info","message":"::1 - - [27/Apr/2025:06:51:04 +0000] \"POST /login HTTP/1.1\" 200 522 \"http://localhost:3000/\" \"Mozilla/5.0 (Macintosh; Intel Mac OS X 10.15; rv:137.0) Gecko/20100101 Firefox/137.0\"","service":"auth-service","timestamp":"2025-04-27 12:21:04"}
{"level":"info","message":"::1 - - [27/Apr/2025:06:51:47 +0000] \"GET /users/profile HTTP/1.1\" 200 241 \"http://localhost:3000/\" \"Mozilla/5.0 (Macintosh; Intel Mac OS X 10.15; rv:137.0) Gecko/20100101 Firefox/137.0\"","service":"auth-service","timestamp":"2025-04-27 12:21:47"}
{"level":"info","message":"::1 - - [27/Apr/2025:06:51:48 +0000] \"GET /users/profile HTTP/1.1\" 304 - \"http://localhost:3000/\" \"Mozilla/5.0 (Macintosh; Intel Mac OS X 10.15; rv:137.0) Gecko/20100101 Firefox/137.0\"","service":"auth-service","timestamp":"2025-04-27 12:21:48"}
{"level":"info","message":"::1 - - [27/Apr/2025:07:00:20 +0000] \"GET /users/profile HTTP/1.1\" 304 - \"http://localhost:3000/\" \"Mozilla/5.0 (Macintosh; Intel Mac OS X 10.15; rv:137.0) Gecko/20100101 Firefox/137.0\"","service":"auth-service","timestamp":"2025-04-27 12:30:20"}
{"level":"info","message":"::1 - - [27/Apr/2025:07:00:23 +0000] \"GET /users/profile HTTP/1.1\" 200 241 \"http://localhost:3000/\" \"Mozilla/5.0 (Macintosh; Intel Mac OS X 10.15; rv:137.0) Gecko/20100101 Firefox/137.0\"","service":"auth-service","timestamp":"2025-04-27 12:30:23"}
{"level":"info","message":"::1 - - [27/Apr/2025:07:00:35 +0000] \"GET /users/profile HTTP/1.1\" 304 - \"http://localhost:3000/\" \"Mozilla/5.0 (Macintosh; Intel Mac OS X 10.15; rv:137.0) Gecko/20100101 Firefox/137.0\"","service":"auth-service","timestamp":"2025-04-27 12:30:35"}
{"level":"info","message":"::1 - - [27/Apr/2025:07:00:36 +0000] \"GET /users/profile HTTP/1.1\" 304 - \"http://localhost:3000/\" \"Mozilla/5.0 (Macintosh; Intel Mac OS X 10.15; rv:137.0) Gecko/20100101 Firefox/137.0\"","service":"auth-service","timestamp":"2025-04-27 12:30:36"}
{"level":"info","message":"::1 - - [27/Apr/2025:07:08:04 +0000] \"GET /users/profile HTTP/1.1\" 304 - \"http://localhost:3000/\" \"Mozilla/5.0 (Macintosh; Intel Mac OS X 10.15; rv:137.0) Gecko/20100101 Firefox/137.0\"","service":"auth-service","timestamp":"2025-04-27 12:38:04"}
{"level":"info","message":"::1 - - [27/Apr/2025:07:21:23 +0000] \"POST /login HTTP/1.1\" 200 518 \"http://localhost:3000/\" \"Mozilla/5.0 (Macintosh; Intel Mac OS X 10.15; rv:137.0) Gecko/20100101 Firefox/137.0\"","service":"auth-service","timestamp":"2025-04-27 12:51:23"}
{"level":"info","message":"::1 - - [27/Apr/2025:07:23:22 +0000] \"POST /login HTTP/1.1\" 200 518 \"-\" \"PostmanRuntime/7.43.3\"","service":"auth-service","timestamp":"2025-04-27 12:53:22"}
{"level":"info","message":"::1 - - [27/Apr/2025:07:24:52 +0000] \"POST /login HTTP/1.1\" 401 39 \"-\" \"PostmanRuntime/7.43.3\"","service":"auth-service","timestamp":"2025-04-27 12:54:52"}
{"level":"info","message":"::1 - - [27/Apr/2025:07:27:02 +0000] \"POST /login HTTP/1.1\" 401 39 \"http://localhost:3000/\" \"Mozilla/5.0 (Macintosh; Intel Mac OS X 10.15; rv:137.0) Gecko/20100101 Firefox/137.0\"","service":"auth-service","timestamp":"2025-04-27 12:57:02"}
{"level":"info","message":"::1 - - [27/Apr/2025:07:27:39 +0000] \"POST /register HTTP/1.1\" 201 539 \"http://localhost:3000/\" \"Mozilla/5.0 (Macintosh; Intel Mac OS X 10.15; rv:137.0) Gecko/20100101 Firefox/137.0\"","service":"auth-service","timestamp":"2025-04-27 12:57:39"}
{"level":"info","message":"::1 - - [27/Apr/2025:07:37:35 +0000] \"POST /register HTTP/1.1\" 201 547 \"http://localhost:3000/\" \"Mozilla/5.0 (Macintosh; Intel Mac OS X 10.15; rv:137.0) Gecko/20100101 Firefox/137.0\"","service":"auth-service","timestamp":"2025-04-27 13:07:35"}
{"level":"info","message":"::1 - - [27/Apr/2025:07:39:41 +0000] \"POST /register HTTP/1.1\" 201 555 \"http://localhost:3000/\" \"Mozilla/5.0 (Macintosh; Intel Mac OS X 10.15; rv:137.0) Gecko/20100101 Firefox/137.0\"","service":"auth-service","timestamp":"2025-04-27 13:09:41"}
{"level":"info","message":"::1 - - [27/Apr/2025:07:40:44 +0000] \"POST /register HTTP/1.1\" 201 547 \"http://localhost:3000/\" \"Mozilla/5.0 (Macintosh; Intel Mac OS X 10.15; rv:137.0) Gecko/20100101 Firefox/137.0\"","service":"auth-service","timestamp":"2025-04-27 13:10:44"}
{"level":"info","message":"::1 - - [27/Apr/2025:07:41:57 +0000] \"POST /login HTTP/1.1\" 401 39 \"-\" \"PostmanRuntime/7.43.3\"","service":"auth-service","timestamp":"2025-04-27 13:11:57"}
{"level":"info","message":"::1 - - [27/Apr/2025:07:42:54 +0000] \"POST /login HTTP/1.1\" 200 542 \"-\" \"PostmanRuntime/7.43.3\"","service":"auth-service","timestamp":"2025-04-27 13:12:54"}
{"level":"info","message":"::1 - - [27/Apr/2025:07:54:10 +0000] \"GET /users/profile HTTP/1.1\" 200 253 \"http://localhost:3000/\" \"Mozilla/5.0 (Macintosh; Intel Mac OS X 10.15; rv:137.0) Gecko/20100101 Firefox/137.0\"","service":"auth-service","timestamp":"2025-04-27 13:24:10"}
{"level":"info","message":"::1 - - [27/Apr/2025:07:54:21 +0000] \"POST /login HTTP/1.1\" 200 534 \"http://localhost:3000/\" \"Mozilla/5.0 (Macintosh; Intel Mac OS X 10.15; rv:137.0) Gecko/20100101 Firefox/137.0\"","service":"auth-service","timestamp":"2025-04-27 13:24:21"}
{"level":"info","message":"::1 - - [27/Apr/2025:08:01:48 +0000] \"GET /users/profile HTTP/1.1\" 200 253 \"http://localhost:3000/\" \"Mozilla/5.0 (Macintosh; Intel Mac OS X 10.15; rv:137.0) Gecko/20100101 Firefox/137.0\"","service":"auth-service","timestamp":"2025-04-27 13:31:48"}
{"level":"info","message":"::1 - - [27/Apr/2025:08:07:04 +0000] \"GET /users/profile HTTP/1.1\" 304 - \"http://localhost:3000/\" \"Mozilla/5.0 (Macintosh; Intel Mac OS X 10.15; rv:137.0) Gecko/20100101 Firefox/137.0\"","service":"auth-service","timestamp":"2025-04-27 13:37:04"}
{"level":"info","message":"::1 - - [27/Apr/2025:08:09:15 +0000] \"GET /users/profile HTTP/1.1\" 304 - \"http://localhost:3000/\" \"Mozilla/5.0 (Macintosh; Intel Mac OS X 10.15; rv:137.0) Gecko/20100101 Firefox/137.0\"","service":"auth-service","timestamp":"2025-04-27 13:39:15"}
{"level":"info","message":"::1 - - [27/Apr/2025:08:09:20 +0000] \"GET /users/profile HTTP/1.1\" 304 - \"http://localhost:3000/\" \"Mozilla/5.0 (Macintosh; Intel Mac OS X 10.15; rv:137.0) Gecko/20100101 Firefox/137.0\"","service":"auth-service","timestamp":"2025-04-27 13:39:20"}
{"level":"info","message":"::1 - - [27/Apr/2025:08:27:08 +0000] \"GET /users/profile HTTP/1.1\" 304 - \"http://localhost:3000/\" \"Mozilla/5.0 (Macintosh; Intel Mac OS X 10.15; rv:137.0) Gecko/20100101 Firefox/137.0\"","service":"auth-service","timestamp":"2025-04-27 13:57:08"}
{"level":"info","message":"::1 - - [27/Apr/2025:08:29:55 +0000] \"GET /users/profile HTTP/1.1\" 304 - \"http://localhost:3000/\" \"Mozilla/5.0 (Macintosh; Intel Mac OS X 10.15; rv:137.0) Gecko/20100101 Firefox/137.0\"","service":"auth-service","timestamp":"2025-04-27 13:59:55"}
{"level":"info","message":"::1 - - [27/Apr/2025:08:32:19 +0000] \"GET /users/profile HTTP/1.1\" 304 - \"http://localhost:3000/\" \"Mozilla/5.0 (Macintosh; Intel Mac OS X 10.15; rv:137.0) Gecko/20100101 Firefox/137.0\"","service":"auth-service","timestamp":"2025-04-27 14:02:19"}
{"level":"info","message":"::1 - - [27/Apr/2025:08:33:41 +0000] \"GET /users/profile HTTP/1.1\" 304 - \"http://localhost:3000/\" \"Mozilla/5.0 (Macintosh; Intel Mac OS X 10.15; rv:137.0) Gecko/20100101 Firefox/137.0\"","service":"auth-service","timestamp":"2025-04-27 14:03:41"}
{"level":"info","message":"::1 - - [27/Apr/2025:08:38:09 +0000] \"GET /users/profile HTTP/1.1\" 304 - \"http://localhost:3000/\" \"Mozilla/5.0 (Macintosh; Intel Mac OS X 10.15; rv:137.0) Gecko/20100101 Firefox/137.0\"","service":"auth-service","timestamp":"2025-04-27 14:08:09"}
{"level":"info","message":"::1 - - [27/Apr/2025:08:38:25 +0000] \"POST /login HTTP/1.1\" 200 542 \"http://localhost:3000/\" \"Mozilla/5.0 (Macintosh; Intel Mac OS X 10.15; rv:137.0) Gecko/20100101 Firefox/137.0\"","service":"auth-service","timestamp":"2025-04-27 14:08:25"}
{"level":"info","message":"::1 - - [27/Apr/2025:08:50:50 +0000] \"GET /users/profile HTTP/1.1\" 200 257 \"http://localhost:3000/\" \"Mozilla/5.0 (Macintosh; Intel Mac OS X 10.15; rv:137.0) Gecko/20100101 Firefox/137.0\"","service":"auth-service","timestamp":"2025-04-27 14:20:50"}
{"level":"info","message":"::1 - - [27/Apr/2025:08:51:04 +0000] \"POST /login HTTP/1.1\" 200 534 \"http://localhost:3000/\" \"Mozilla/5.0 (Macintosh; Intel Mac OS X 10.15; rv:137.0) Gecko/20100101 Firefox/137.0\"","service":"auth-service","timestamp":"2025-04-27 14:21:04"}
{"level":"info","message":"::1 - - [27/Apr/2025:09:24:25 +0000] \"POST /login HTTP/1.1\" 200 534 \"http://localhost:3000/\" \"Mozilla/5.0 (Macintosh; Intel Mac OS X 10.15; rv:137.0) Gecko/20100101 Firefox/137.0\"","service":"auth-service","timestamp":"2025-04-27 14:54:25"}
{"level":"info","message":"::1 - - [27/Apr/2025:09:24:49 +0000] \"GET /users/profile HTTP/1.1\" 200 253 \"http://localhost:3000/\" \"Mozilla/5.0 (Macintosh; Intel Mac OS X 10.15; rv:137.0) Gecko/20100101 Firefox/137.0\"","service":"auth-service","timestamp":"2025-04-27 14:54:49"}
{"level":"info","message":"::1 - - [27/Apr/2025:09:24:51 +0000] \"GET /users/profile HTTP/1.1\" 304 - \"http://localhost:3000/\" \"Mozilla/5.0 (Macintosh; Intel Mac OS X 10.15; rv:137.0) Gecko/20100101 Firefox/137.0\"","service":"auth-service","timestamp":"2025-04-27 14:54:51"}
{"level":"info","message":"::1 - - [27/Apr/2025:09:41:38 +0000] \"GET /users/profile HTTP/1.1\" 304 - \"http://localhost:3000/\" \"Mozilla/5.0 (Macintosh; Intel Mac OS X 10.15; rv:137.0) Gecko/20100101 Firefox/137.0\"","service":"auth-service","timestamp":"2025-04-27 15:11:38"}
{"level":"info","message":"::1 - - [27/Apr/2025:09:41:55 +0000] \"POST /login HTTP/1.1\" 200 534 \"http://localhost:3000/\" \"Mozilla/5.0 (Macintosh; Intel Mac OS X 10.15; rv:137.0) Gecko/20100101 Firefox/137.0\"","service":"auth-service","timestamp":"2025-04-27 15:11:55"}
{"level":"info","message":"::1 - - [27/Apr/2025:09:46:33 +0000] \"GET /users/profile HTTP/1.1\" 200 253 \"http://localhost:3000/\" \"Mozilla/5.0 (Macintosh; Intel Mac OS X 10.15; rv:137.0) Gecko/20100101 Firefox/137.0\"","service":"auth-service","timestamp":"2025-04-27 15:16:33"}
{"level":"info","message":"::1 - - [27/Apr/2025:09:46:58 +0000] \"GET /users/profile HTTP/1.1\" 304 - \"http://localhost:3000/\" \"Mozilla/5.0 (Macintosh; Intel Mac OS X 10.15; rv:137.0) Gecko/20100101 Firefox/137.0\"","service":"auth-service","timestamp":"2025-04-27 15:16:58"}
{"level":"info","message":"::1 - - [27/Apr/2025:09:57:11 +0000] \"GET /users/profile HTTP/1.1\" 304 - \"http://localhost:3000/\" \"Mozilla/5.0 (Macintosh; Intel Mac OS X 10.15; rv:137.0) Gecko/20100101 Firefox/137.0\"","service":"auth-service","timestamp":"2025-04-27 15:27:11"}
{"level":"info","message":"::1 - - [27/Apr/2025:09:57:45 +0000] \"GET /users/profile HTTP/1.1\" 304 - \"http://localhost:3000/\" \"Mozilla/5.0 (Macintosh; Intel Mac OS X 10.15; rv:137.0) Gecko/20100101 Firefox/137.0\"","service":"auth-service","timestamp":"2025-04-27 15:27:45"}
{"level":"info","message":"::1 - - [27/Apr/2025:09:57:58 +0000] \"GET /users/profile HTTP/1.1\" 200 253 \"http://localhost:3000/\" \"Mozilla/5.0 (Macintosh; Intel Mac OS X 10.15; rv:137.0) Gecko/20100101 Firefox/137.0\"","service":"auth-service","timestamp":"2025-04-27 15:27:58"}
{"level":"info","message":"::1 - - [27/Apr/2025:09:59:11 +0000] \"GET /users/profile HTTP/1.1\" 304 - \"http://localhost:3000/\" \"Mozilla/5.0 (Macintosh; Intel Mac OS X 10.15; rv:137.0) Gecko/20100101 Firefox/137.0\"","service":"auth-service","timestamp":"2025-04-27 15:29:11"}
{"level":"info","message":"::1 - - [27/Apr/2025:10:11:42 +0000] \"GET /users/profile HTTP/1.1\" 304 - \"http://localhost:3000/\" \"Mozilla/5.0 (Macintosh; Intel Mac OS X 10.15; rv:137.0) Gecko/20100101 Firefox/137.0\"","service":"auth-service","timestamp":"2025-04-27 15:41:42"}
{"level":"info","message":"::1 - - [27/Apr/2025:10:30:45 +0000] \"GET /users/profile HTTP/1.1\" 304 - \"http://localhost:3000/\" \"Mozilla/5.0 (Macintosh; Intel Mac OS X 10.15; rv:137.0) Gecko/20100101 Firefox/137.0\"","service":"auth-service","timestamp":"2025-04-27 16:00:45"}
{"level":"info","message":"::1 - - [27/Apr/2025:10:36:44 +0000] \"POST /login HTTP/1.1\" 200 534 \"-\" \"PostmanRuntime/7.43.3\"","service":"auth-service","timestamp":"2025-04-27 16:06:44"}
{"level":"info","message":"::1 - - [27/Apr/2025:10:37:21 +0000] \"GET /users/profile HTTP/1.1\" 304 - \"http://localhost:3000/\" \"Mozilla/5.0 (Macintosh; Intel Mac OS X 10.15; rv:137.0) Gecko/20100101 Firefox/137.0\"","service":"auth-service","timestamp":"2025-04-27 16:07:21"}
{"level":"info","message":"::1 - - [27/Apr/2025:11:14:53 +0000] \"POST /login HTTP/1.1\" 200 542 \"-\" \"PostmanRuntime/7.43.3\"","service":"auth-service","timestamp":"2025-04-27 16:44:53"}
{"level":"info","message":"::1 - - [27/Apr/2025:11:19:03 +0000] \"POST /login HTTP/1.1\" 200 534 \"http://localhost:3000/\" \"Mozilla/5.0 (Macintosh; Intel Mac OS X 10.15; rv:137.0) Gecko/20100101 Firefox/137.0\"","service":"auth-service","timestamp":"2025-04-27 16:49:03"}
{"level":"info","message":"::1 - - [27/Apr/2025:11:19:07 +0000] \"GET /users/profile HTTP/1.1\" 304 - \"http://localhost:3000/\" \"Mozilla/5.0 (Macintosh; Intel Mac OS X 10.15; rv:137.0) Gecko/20100101 Firefox/137.0\"","service":"auth-service","timestamp":"2025-04-27 16:49:07"}
{"level":"info","message":"::1 - - [27/Apr/2025:11:20:00 +0000] \"GET /users/profile HTTP/1.1\" 304 - \"http://localhost:3000/\" \"Mozilla/5.0 (Macintosh; Intel Mac OS X 10.15; rv:137.0) Gecko/20100101 Firefox/137.0\"","service":"auth-service","timestamp":"2025-04-27 16:50:00"}
{"level":"info","message":"::1 - - [27/Apr/2025:11:30:05 +0000] \"POST /register HTTP/1.1\" 201 522 \"http://localhost:3000/\" \"Mozilla/5.0 (Macintosh; Intel Mac OS X 10.15; rv:137.0) Gecko/20100101 Firefox/137.0\"","service":"auth-service","timestamp":"2025-04-27 17:00:05"}
{"level":"info","message":"::1 - - [27/Apr/2025:11:30:39 +0000] \"POST /login HTTP/1.1\" 200 534 \"http://localhost:3000/\" \"Mozilla/5.0 (Macintosh; Intel Mac OS X 10.15; rv:137.0) Gecko/20100101 Firefox/137.0\"","service":"auth-service","timestamp":"2025-04-27 17:00:39"}
{"level":"info","message":"::1 - - [27/Apr/2025:11:30:43 +0000] \"GET /users/profile HTTP/1.1\" 304 - \"http://localhost:3000/\" \"Mozilla/5.0 (Macintosh; Intel Mac OS X 10.15; rv:137.0) Gecko/20100101 Firefox/137.0\"","service":"auth-service","timestamp":"2025-04-27 17:00:43"}
{"level":"info","message":"::1 - - [27/Apr/2025:11:55:38 +0000] \"GET /users/profile HTTP/1.1\" 304 - \"http://localhost:3000/\" \"Mozilla/5.0 (Macintosh; Intel Mac OS X 10.15; rv:137.0) Gecko/20100101 Firefox/137.0\"","service":"auth-service","timestamp":"2025-04-27 17:25:38"}
{"level":"info","message":"::1 - - [27/Apr/2025:11:55:43 +0000] \"GET /users/profile HTTP/1.1\" 304 - \"http://localhost:3000/\" \"Mozilla/5.0 (Macintosh; Intel Mac OS X 10.15; rv:137.0) Gecko/20100101 Firefox/137.0\"","service":"auth-service","timestamp":"2025-04-27 17:25:43"}
{"level":"info","message":"::1 - - [27/Apr/2025:11:55:43 +0000] \"GET /users/profile HTTP/1.1\" 304 - \"http://localhost:3000/\" \"Mozilla/5.0 (Macintosh; Intel Mac OS X 10.15; rv:137.0) Gecko/20100101 Firefox/137.0\"","service":"auth-service","timestamp":"2025-04-27 17:25:43"}
{"level":"info","message":"::1 - - [27/Apr/2025:12:02:18 +0000] \"POST /register HTTP/1.1\" 201 539 \"http://localhost:3000/\" \"Mozilla/5.0 (Macintosh; Intel Mac OS X 10.15; rv:137.0) Gecko/20100101 Firefox/137.0\"","service":"auth-service","timestamp":"2025-04-27 17:32:18"}
{"level":"info","message":"::1 - - [27/Apr/2025:15:19:43 +0000] \"GET /users/profile HTTP/1.1\" 200 238 \"http://localhost:3000/\" \"Mozilla/5.0 (Macintosh; Intel Mac OS X 10.15; rv:137.0) Gecko/20100101 Firefox/137.0\"","service":"auth-service","timestamp":"2025-04-27 20:49:43"}
{"level":"info","message":"::1 - - [27/Apr/2025:15:25:29 +0000] \"GET /users/profile HTTP/1.1\" 304 - \"http://localhost:3000/\" \"Mozilla/5.0 (Macintosh; Intel Mac OS X 10.15; rv:137.0) Gecko/20100101 Firefox/137.0\"","service":"auth-service","timestamp":"2025-04-27 20:55:29"}
{"level":"info","message":"::1 - - [27/Apr/2025:15:25:32 +0000] \"GET /users/profile HTTP/1.1\" 304 - \"http://localhost:3000/\" \"Mozilla/5.0 (Macintosh; Intel Mac OS X 10.15; rv:137.0) Gecko/20100101 Firefox/137.0\"","service":"auth-service","timestamp":"2025-04-27 20:55:32"}
{"level":"info","message":"::1 - - [27/Apr/2025:15:26:02 +0000] \"GET /users/profile HTTP/1.1\" 304 - \"http://localhost:3000/\" \"Mozilla/5.0 (Macintosh; Intel Mac OS X 10.15; rv:137.0) Gecko/20100101 Firefox/137.0\"","service":"auth-service","timestamp":"2025-04-27 20:56:02"}
{"level":"info","message":"::1 - - [27/Apr/2025:15:26:04 +0000] \"GET /users/profile HTTP/1.1\" 304 - \"http://localhost:3000/\" \"Mozilla/5.0 (Macintosh; Intel Mac OS X 10.15; rv:137.0) Gecko/20100101 Firefox/137.0\"","service":"auth-service","timestamp":"2025-04-27 20:56:04"}
{"level":"info","message":"Auth Service running on port 3001","service":"auth-service","timestamp":"2025-04-27 22:10:03"}
{"level":"info","message":"Connected to MongoDB","service":"auth-service","timestamp":"2025-04-27 22:10:04"}
{"level":"info","message":"::1 - - [27/Apr/2025:16:40:32 +0000] \"GET /users/profile HTTP/1.1\" 304 - \"http://localhost:3000/\" \"Mozilla/5.0 (Macintosh; Intel Mac OS X 10.15; rv:137.0) Gecko/20100101 Firefox/137.0\"","service":"auth-service","timestamp":"2025-04-27 22:10:32"}
{"level":"info","message":"::1 - - [27/Apr/2025:16:40:42 +0000] \"POST /login HTTP/1.1\" 200 534 \"http://localhost:3000/\" \"Mozilla/5.0 (Macintosh; Intel Mac OS X 10.15; rv:137.0) Gecko/20100101 Firefox/137.0\"","service":"auth-service","timestamp":"2025-04-27 22:10:42"}
{"level":"info","message":"::1 - - [27/Apr/2025:16:46:50 +0000] \"GET /users/profile HTTP/1.1\" 200 253 \"http://localhost:3000/\" \"Mozilla/5.0 (Macintosh; Intel Mac OS X 10.15; rv:137.0) Gecko/20100101 Firefox/137.0\"","service":"auth-service","timestamp":"2025-04-27 22:16:50"}
{"level":"error","message":"Error registering with service: getaddrinfo ENOTFOUND restaurant-service","service":"auth-service","timestamp":"2025-04-27 22:38:10"}
{"level":"info","message":"::1 - - [27/Apr/2025:17:08:10 +0000] \"POST /register HTTP/1.1\" 201 513 \"http://localhost:3000/\" \"Mozilla/5.0 (Macintosh; Intel Mac OS X 10.15; rv:137.0) Gecko/20100101 Firefox/137.0\"","service":"auth-service","timestamp":"2025-04-27 22:38:10"}
{"level":"info","message":"::1 - - [27/Apr/2025:17:11:49 +0000] \"GET /users/profile HTTP/1.1\" 200 227 \"http://localhost:3000/\" \"Mozilla/5.0 (Macintosh; Intel Mac OS X 10.15; rv:137.0) Gecko/20100101 Firefox/137.0\"","service":"auth-service","timestamp":"2025-04-27 22:41:49"}
{"level":"info","message":"::1 - - [27/Apr/2025:17:11:56 +0000] \"GET /users/profile HTTP/1.1\" 304 - \"http://localhost:3000/\" \"Mozilla/5.0 (Macintosh; Intel Mac OS X 10.15; rv:137.0) Gecko/20100101 Firefox/137.0\"","service":"auth-service","timestamp":"2025-04-27 22:41:56"}
{"level":"info","message":"::1 - - [27/Apr/2025:17:14:37 +0000] \"GET /users/profile HTTP/1.1\" 304 - \"http://localhost:3000/\" \"Mozilla/5.0 (Macintosh; Intel Mac OS X 10.15; rv:137.0) Gecko/20100101 Firefox/137.0\"","service":"auth-service","timestamp":"2025-04-27 22:44:37"}
{"level":"info","message":"::1 - - [27/Apr/2025:17:14:41 +0000] \"GET /users/profile HTTP/1.1\" 304 - \"http://localhost:3000/\" \"Mozilla/5.0 (Macintosh; Intel Mac OS X 10.15; rv:137.0) Gecko/20100101 Firefox/137.0\"","service":"auth-service","timestamp":"2025-04-27 22:44:41"}
{"level":"info","message":"::1 - - [27/Apr/2025:17:14:50 +0000] \"POST /login HTTP/1.1\" 200 534 \"http://localhost:3000/\" \"Mozilla/5.0 (Macintosh; Intel Mac OS X 10.15; rv:137.0) Gecko/20100101 Firefox/137.0\"","service":"auth-service","timestamp":"2025-04-27 22:44:50"}
{"level":"info","message":"::1 - - [27/Apr/2025:17:22:40 +0000] \"GET /users/profile HTTP/1.1\" 200 253 \"http://localhost:3000/\" \"Mozilla/5.0 (Macintosh; Intel Mac OS X 10.15; rv:137.0) Gecko/20100101 Firefox/137.0\"","service":"auth-service","timestamp":"2025-04-27 22:52:40"}
{"level":"info","message":"::1 - - [27/Apr/2025:17:25:10 +0000] \"GET /users/profile HTTP/1.1\" 304 - \"http://localhost:3000/\" \"Mozilla/5.0 (Macintosh; Intel Mac OS X 10.15; rv:137.0) Gecko/20100101 Firefox/137.0\"","service":"auth-service","timestamp":"2025-04-27 22:55:10"}
{"level":"info","message":"::1 - - [27/Apr/2025:17:33:39 +0000] \"GET /users/profile HTTP/1.1\" 304 - \"http://localhost:3000/\" \"Mozilla/5.0 (Macintosh; Intel Mac OS X 10.15; rv:137.0) Gecko/20100101 Firefox/137.0\"","service":"auth-service","timestamp":"2025-04-27 23:03:39"}
{"level":"info","message":"::1 - - [27/Apr/2025:17:34:00 +0000] \"POST /login HTTP/1.1\" 200 534 \"http://localhost:3000/\" \"Mozilla/5.0 (Macintosh; Intel Mac OS X 10.15; rv:137.0) Gecko/20100101 Firefox/137.0\"","service":"auth-service","timestamp":"2025-04-27 23:04:00"}
{"level":"info","message":"::1 - - [27/Apr/2025:17:58:54 +0000] \"POST /login HTTP/1.1\" 200 534 \"-\" \"PostmanRuntime/7.43.3\"","service":"auth-service","timestamp":"2025-04-27 23:28:54"}
{"level":"info","message":"::1 - - [27/Apr/2025:18:22:16 +0000] \"GET /users/profile HTTP/1.1\" 304 - \"http://localhost:3000/\" \"Mozilla/5.0 (Macintosh; Intel Mac OS X 10.15; rv:137.0) Gecko/20100101 Firefox/137.0\"","service":"auth-service","timestamp":"2025-04-27 23:52:16"}
{"level":"info","message":"::1 - - [27/Apr/2025:18:24:30 +0000] \"POST /login HTTP/1.1\" 200 542 \"http://localhost:3000/\" \"Mozilla/5.0 (Macintosh; Intel Mac OS X 10.15; rv:137.0) Gecko/20100101 Firefox/137.0\"","service":"auth-service","timestamp":"2025-04-27 23:54:30"}
{"level":"info","message":"::1 - - [27/Apr/2025:18:31:28 +0000] \"GET /users/profile HTTP/1.1\" 200 257 \"http://localhost:3000/\" \"Mozilla/5.0 (Macintosh; Intel Mac OS X 10.15; rv:137.0) Gecko/20100101 Firefox/137.0\"","service":"auth-service","timestamp":"2025-04-28 00:01:28"}
{"level":"info","message":"::1 - - [27/Apr/2025:18:35:56 +0000] \"POST /login HTTP/1.1\" 200 534 \"http://localhost:3000/\" \"Mozilla/5.0 (Macintosh; Intel Mac OS X 10.15; rv:137.0) Gecko/20100101 Firefox/137.0\"","service":"auth-service","timestamp":"2025-04-28 00:05:56"}
{"level":"info","message":"::1 - - [27/Apr/2025:18:37:58 +0000] \"GET /users/profile HTTP/1.1\" 200 253 \"http://localhost:3000/\" \"Mozilla/5.0 (Macintosh; Intel Mac OS X 10.15; rv:137.0) Gecko/20100101 Firefox/137.0\"","service":"auth-service","timestamp":"2025-04-28 00:07:58"}
{"level":"info","message":"Auth Service running on port 3001","service":"auth-service","timestamp":"2025-04-28 00:23:55"}
{"level":"info","message":"Connected to MongoDB","service":"auth-service","timestamp":"2025-04-28 00:23:57"}
{"level":"info","message":"::1 - - [27/Apr/2025:19:01:24 +0000] \"GET /users/profile HTTP/1.1\" 304 - \"http://localhost:3000/\" \"Mozilla/5.0 (Macintosh; Intel Mac OS X 10.15; rv:137.0) Gecko/20100101 Firefox/137.0\"","service":"auth-service","timestamp":"2025-04-28 00:31:24"}
{"level":"info","message":"::1 - - [27/Apr/2025:19:01:24 +0000] \"GET /users/profile HTTP/1.1\" 304 - \"http://localhost:3000/\" \"Mozilla/5.0 (Macintosh; Intel Mac OS X 10.15; rv:137.0) Gecko/20100101 Firefox/137.0\"","service":"auth-service","timestamp":"2025-04-28 00:31:24"}
{"level":"info","message":"::1 - - [27/Apr/2025:19:01:37 +0000] \"GET /users/profile HTTP/1.1\" 304 - \"http://localhost:3000/\" \"Mozilla/5.0 (Macintosh; Intel Mac OS X 10.15; rv:137.0) Gecko/20100101 Firefox/137.0\"","service":"auth-service","timestamp":"2025-04-28 00:31:37"}
{"level":"info","message":"::1 - - [27/Apr/2025:19:02:07 +0000] \"GET /users/profile HTTP/1.1\" 304 - \"http://localhost:3000/\" \"Mozilla/5.0 (Macintosh; Intel Mac OS X 10.15; rv:137.0) Gecko/20100101 Firefox/137.0\"","service":"auth-service","timestamp":"2025-04-28 00:32:07"}
{"level":"info","message":"::1 - - [27/Apr/2025:19:11:14 +0000] \"POST /login HTTP/1.1\" 200 534 \"http://localhost:3000/\" \"Mozilla/5.0 (Macintosh; Intel Mac OS X 10.15; rv:137.0) Gecko/20100101 Firefox/137.0\"","service":"auth-service","timestamp":"2025-04-28 00:41:14"}
{"level":"info","message":"::1 - - [27/Apr/2025:19:11:24 +0000] \"GET /users/profile HTTP/1.1\" 200 253 \"http://localhost:3000/\" \"Mozilla/5.0 (Macintosh; Intel Mac OS X 10.15; rv:137.0) Gecko/20100101 Firefox/137.0\"","service":"auth-service","timestamp":"2025-04-28 00:41:24"}
{"level":"info","message":"::1 - - [27/Apr/2025:19:11:42 +0000] \"GET /users/profile HTTP/1.1\" 304 - \"http://localhost:3000/\" \"Mozilla/5.0 (Macintosh; Intel Mac OS X 10.15; rv:137.0) Gecko/20100101 Firefox/137.0\"","service":"auth-service","timestamp":"2025-04-28 00:41:42"}
{"level":"info","message":"::1 - - [27/Apr/2025:19:15:23 +0000] \"GET /users/profile HTTP/1.1\" 304 - \"http://localhost:3000/\" \"Mozilla/5.0 (Macintosh; Intel Mac OS X 10.15; rv:137.0) Gecko/20100101 Firefox/137.0\"","service":"auth-service","timestamp":"2025-04-28 00:45:23"}
{"level":"info","message":"::1 - - [27/Apr/2025:19:15:23 +0000] \"GET /users/profile HTTP/1.1\" 304 - \"http://localhost:3000/\" \"Mozilla/5.0 (Macintosh; Intel Mac OS X 10.15; rv:137.0) Gecko/20100101 Firefox/137.0\"","service":"auth-service","timestamp":"2025-04-28 00:45:23"}
{"level":"info","message":"::1 - - [27/Apr/2025:19:15:33 +0000] \"GET /users/profile HTTP/1.1\" 304 - \"http://localhost:3000/\" \"Mozilla/5.0 (Macintosh; Intel Mac OS X 10.15; rv:137.0) Gecko/20100101 Firefox/137.0\"","service":"auth-service","timestamp":"2025-04-28 00:45:33"}
{"level":"info","message":"::1 - - [27/Apr/2025:19:15:34 +0000] \"GET /users/profile HTTP/1.1\" 304 - \"http://localhost:3000/\" \"Mozilla/5.0 (Macintosh; Intel Mac OS X 10.15; rv:137.0) Gecko/20100101 Firefox/137.0\"","service":"auth-service","timestamp":"2025-04-28 00:45:34"}
{"level":"info","message":"::1 - - [27/Apr/2025:19:15:38 +0000] \"GET /users/profile HTTP/1.1\" 304 - \"http://localhost:3000/\" \"Mozilla/5.0 (Macintosh; Intel Mac OS X 10.15; rv:137.0) Gecko/20100101 Firefox/137.0\"","service":"auth-service","timestamp":"2025-04-28 00:45:38"}
{"level":"info","message":"::1 - - [27/Apr/2025:19:15:39 +0000] \"GET /users/profile HTTP/1.1\" 304 - \"http://localhost:3000/\" \"Mozilla/5.0 (Macintosh; Intel Mac OS X 10.15; rv:137.0) Gecko/20100101 Firefox/137.0\"","service":"auth-service","timestamp":"2025-04-28 00:45:39"}
{"level":"info","message":"::1 - - [27/Apr/2025:19:16:59 +0000] \"GET /users/profile HTTP/1.1\" 304 - \"http://localhost:3000/\" \"Mozilla/5.0 (Macintosh; Intel Mac OS X 10.15; rv:137.0) Gecko/20100101 Firefox/137.0\"","service":"auth-service","timestamp":"2025-04-28 00:46:59"}
{"level":"info","message":"::1 - - [27/Apr/2025:19:17:50 +0000] \"GET /users/profile HTTP/1.1\" 304 - \"http://localhost:3000/\" \"Mozilla/5.0 (Macintosh; Intel Mac OS X 10.15; rv:137.0) Gecko/20100101 Firefox/137.0\"","service":"auth-service","timestamp":"2025-04-28 00:47:50"}
{"level":"info","message":"::1 - - [27/Apr/2025:19:17:59 +0000] \"POST /login HTTP/1.1\" 200 542 \"http://localhost:3000/\" \"Mozilla/5.0 (Macintosh; Intel Mac OS X 10.15; rv:137.0) Gecko/20100101 Firefox/137.0\"","service":"auth-service","timestamp":"2025-04-28 00:47:59"}
{"level":"info","message":"::1 - - [27/Apr/2025:19:22:52 +0000] \"GET /users/profile HTTP/1.1\" 200 257 \"http://localhost:3000/\" \"Mozilla/5.0 (Macintosh; Intel Mac OS X 10.15; rv:137.0) Gecko/20100101 Firefox/137.0\"","service":"auth-service","timestamp":"2025-04-28 00:52:52"}
{"level":"info","message":"::1 - - [27/Apr/2025:19:26:29 +0000] \"GET /users/profile HTTP/1.1\" 304 - \"http://localhost:3000/\" \"Mozilla/5.0 (Macintosh; Intel Mac OS X 10.15; rv:137.0) Gecko/20100101 Firefox/137.0\"","service":"auth-service","timestamp":"2025-04-28 00:56:29"}
{"level":"info","message":"::1 - - [27/Apr/2025:19:26:30 +0000] \"GET /users/profile HTTP/1.1\" 304 - \"http://localhost:3000/\" \"Mozilla/5.0 (Macintosh; Intel Mac OS X 10.15; rv:137.0) Gecko/20100101 Firefox/137.0\"","service":"auth-service","timestamp":"2025-04-28 00:56:30"}
{"level":"info","message":"::1 - - [27/Apr/2025:19:26:30 +0000] \"GET /users/profile HTTP/1.1\" 200 257 \"http://localhost:3000/\" \"Mozilla/5.0 (Macintosh; Intel Mac OS X 10.15; rv:137.0) Gecko/20100101 Firefox/137.0\"","service":"auth-service","timestamp":"2025-04-28 00:56:30"}
{"level":"info","message":"::1 - - [27/Apr/2025:19:35:30 +0000] \"GET /users/profile HTTP/1.1\" 200 257 \"http://localhost:3000/\" \"Mozilla/5.0 (Macintosh; Intel Mac OS X 10.15; rv:137.0) Gecko/20100101 Firefox/137.0\"","service":"auth-service","timestamp":"2025-04-28 01:05:30"}
{"level":"info","message":"::1 - - [27/Apr/2025:19:35:30 +0000] \"GET /users/profile HTTP/1.1\" 304 - \"http://localhost:3000/\" \"Mozilla/5.0 (Macintosh; Intel Mac OS X 10.15; rv:137.0) Gecko/20100101 Firefox/137.0\"","service":"auth-service","timestamp":"2025-04-28 01:05:30"}
{"level":"info","message":"::1 - - [27/Apr/2025:19:35:31 +0000] \"GET /users/profile HTTP/1.1\" 304 - \"http://localhost:3000/\" \"Mozilla/5.0 (Macintosh; Intel Mac OS X 10.15; rv:137.0) Gecko/20100101 Firefox/137.0\"","service":"auth-service","timestamp":"2025-04-28 01:05:31"}
{"level":"info","message":"::1 - - [27/Apr/2025:19:41:13 +0000] \"POST /login HTTP/1.1\" 200 534 \"http://localhost:3000/\" \"Mozilla/5.0 (Macintosh; Intel Mac OS X 10.15; rv:137.0) Gecko/20100101 Firefox/137.0\"","service":"auth-service","timestamp":"2025-04-28 01:11:13"}
{"level":"info","message":"::1 - - [27/Apr/2025:19:43:52 +0000] \"GET /users/profile HTTP/1.1\" 200 253 \"http://localhost:3000/\" \"Mozilla/5.0 (Macintosh; Intel Mac OS X 10.15; rv:137.0) Gecko/20100101 Firefox/137.0\"","service":"auth-service","timestamp":"2025-04-28 01:13:52"}
{"level":"info","message":"::1 - - [27/Apr/2025:19:44:31 +0000] \"POST /login HTTP/1.1\" 200 542 \"http://localhost:3000/\" \"Mozilla/5.0 (Macintosh; Intel Mac OS X 10.15; rv:137.0) Gecko/20100101 Firefox/137.0\"","service":"auth-service","timestamp":"2025-04-28 01:14:31"}
{"level":"info","message":"::1 - - [27/Apr/2025:19:45:24 +0000] \"GET /users/profile HTTP/1.1\" 200 257 \"http://localhost:3000/\" \"Mozilla/5.0 (Macintosh; Intel Mac OS X 10.15; rv:137.0) Gecko/20100101 Firefox/137.0\"","service":"auth-service","timestamp":"2025-04-28 01:15:24"}
{"level":"info","message":"::1 - - [27/Apr/2025:19:45:27 +0000] \"GET /users/profile HTTP/1.1\" 304 - \"http://localhost:3000/\" \"Mozilla/5.0 (Macintosh; Intel Mac OS X 10.15; rv:137.0) Gecko/20100101 Firefox/137.0\"","service":"auth-service","timestamp":"2025-04-28 01:15:27"}
{"level":"info","message":"::1 - - [27/Apr/2025:19:45:33 +0000] \"POST /login HTTP/1.1\" 200 534 \"http://localhost:3000/\" \"Mozilla/5.0 (Macintosh; Intel Mac OS X 10.15; rv:137.0) Gecko/20100101 Firefox/137.0\"","service":"auth-service","timestamp":"2025-04-28 01:15:33"}
{"level":"info","message":"::1 - - [27/Apr/2025:19:45:39 +0000] \"GET /users/profile HTTP/1.1\" 200 253 \"http://localhost:3000/\" \"Mozilla/5.0 (Macintosh; Intel Mac OS X 10.15; rv:137.0) Gecko/20100101 Firefox/137.0\"","service":"auth-service","timestamp":"2025-04-28 01:15:39"}
{"level":"info","message":"::1 - - [27/Apr/2025:19:46:29 +0000] \"GET /users/profile HTTP/1.1\" 304 - \"http://localhost:3000/\" \"Mozilla/5.0 (Macintosh; Intel Mac OS X 10.15; rv:137.0) Gecko/20100101 Firefox/137.0\"","service":"auth-service","timestamp":"2025-04-28 01:16:29"}
{"level":"info","message":"::1 - - [27/Apr/2025:19:51:13 +0000] \"GET /users/profile HTTP/1.1\" 304 - \"http://localhost:3000/\" \"Mozilla/5.0 (Macintosh; Intel Mac OS X 10.15; rv:137.0) Gecko/20100101 Firefox/137.0\"","service":"auth-service","timestamp":"2025-04-28 01:21:13"}
{"level":"info","message":"::1 - - [27/Apr/2025:19:51:23 +0000] \"POST /login HTTP/1.1\" 200 542 \"http://localhost:3000/\" \"Mozilla/5.0 (Macintosh; Intel Mac OS X 10.15; rv:137.0) Gecko/20100101 Firefox/137.0\"","service":"auth-service","timestamp":"2025-04-28 01:21:23"}
{"level":"info","message":"::1 - - [27/Apr/2025:19:51:40 +0000] \"GET /users/profile HTTP/1.1\" 200 257 \"http://localhost:3000/\" \"Mozilla/5.0 (Macintosh; Intel Mac OS X 10.15; rv:137.0) Gecko/20100101 Firefox/137.0\"","service":"auth-service","timestamp":"2025-04-28 01:21:40"}
{"level":"info","message":"::1 - - [27/Apr/2025:19:54:24 +0000] \"GET /users/profile HTTP/1.1\" 304 - \"http://localhost:3000/\" \"Mozilla/5.0 (Macintosh; Intel Mac OS X 10.15; rv:137.0) Gecko/20100101 Firefox/137.0\"","service":"auth-service","timestamp":"2025-04-28 01:24:24"}
{"level":"info","message":"::1 - - [27/Apr/2025:19:55:53 +0000] \"POST /login HTTP/1.1\" 200 534 \"http://localhost:3000/\" \"Mozilla/5.0 (Macintosh; Intel Mac OS X 10_15_7) AppleWebKit/605.1.15 (KHTML, like Gecko) Version/17.1.2 Safari/605.1.15\"","service":"auth-service","timestamp":"2025-04-28 01:25:53"}
{"level":"info","message":"::1 - - [27/Apr/2025:19:56:31 +0000] \"POST /login HTTP/1.1\" 200 542 \"http://localhost:3000/\" \"Mozilla/5.0 (Macintosh; Intel Mac OS X 10.15; rv:137.0) Gecko/20100101 Firefox/137.0\"","service":"auth-service","timestamp":"2025-04-28 01:26:31"}
{"level":"info","message":"::1 - - [27/Apr/2025:19:56:43 +0000] \"GET /users/profile HTTP/1.1\" 304 - \"http://localhost:3000/\" \"Mozilla/5.0 (Macintosh; Intel Mac OS X 10.15; rv:137.0) Gecko/20100101 Firefox/137.0\"","service":"auth-service","timestamp":"2025-04-28 01:26:43"}
{"level":"info","message":"::1 - - [27/Apr/2025:19:57:57 +0000] \"GET /users/profile HTTP/1.1\" 304 - \"http://localhost:3000/\" \"Mozilla/5.0 (Macintosh; Intel Mac OS X 10.15; rv:137.0) Gecko/20100101 Firefox/137.0\"","service":"auth-service","timestamp":"2025-04-28 01:27:57"}
{"level":"info","message":"::1 - - [27/Apr/2025:20:03:17 +0000] \"GET /users/profile HTTP/1.1\" 304 - \"http://localhost:3000/\" \"Mozilla/5.0 (Macintosh; Intel Mac OS X 10.15; rv:137.0) Gecko/20100101 Firefox/137.0\"","service":"auth-service","timestamp":"2025-04-28 01:33:17"}
{"level":"info","message":"::1 - - [27/Apr/2025:20:41:48 +0000] \"GET /users/profile HTTP/1.1\" 304 - \"http://localhost:3000/\" \"Mozilla/5.0 (Macintosh; Intel Mac OS X 10.15; rv:137.0) Gecko/20100101 Firefox/137.0\"","service":"auth-service","timestamp":"2025-04-28 02:11:48"}
{"level":"info","message":"::1 - - [27/Apr/2025:20:42:22 +0000] \"GET /users/profile HTTP/1.1\" 304 - \"http://localhost:3000/\" \"Mozilla/5.0 (Macintosh; Intel Mac OS X 10.15; rv:137.0) Gecko/20100101 Firefox/137.0\"","service":"auth-service","timestamp":"2025-04-28 02:12:22"}
{"level":"info","message":"::1 - - [28/Apr/2025:00:59:34 +0000] \"POST /login HTTP/1.1\" 200 534 \"http://localhost:3000/\" \"Mozilla/5.0 (Macintosh; Intel Mac OS X 10.15; rv:137.0) Gecko/20100101 Firefox/137.0\"","service":"auth-service","timestamp":"2025-04-28 06:29:34"}
{"level":"info","message":"::1 - - [28/Apr/2025:01:04:27 +0000] \"GET /users/profile HTTP/1.1\" 200 253 \"http://localhost:3000/\" \"Mozilla/5.0 (Macintosh; Intel Mac OS X 10.15; rv:137.0) Gecko/20100101 Firefox/137.0\"","service":"auth-service","timestamp":"2025-04-28 06:34:27"}
{"level":"info","message":"::1 - - [28/Apr/2025:01:05:12 +0000] \"GET /users/profile HTTP/1.1\" 304 - \"http://localhost:3000/\" \"Mozilla/5.0 (Macintosh; Intel Mac OS X 10.15; rv:137.0) Gecko/20100101 Firefox/137.0\"","service":"auth-service","timestamp":"2025-04-28 06:35:12"}
{"level":"info","message":"::1 - - [28/Apr/2025:01:05:53 +0000] \"GET /users/profile HTTP/1.1\" 304 - \"http://localhost:3000/\" \"Mozilla/5.0 (Macintosh; Intel Mac OS X 10.15; rv:137.0) Gecko/20100101 Firefox/137.0\"","service":"auth-service","timestamp":"2025-04-28 06:35:53"}
{"level":"info","message":"::1 - - [28/Apr/2025:01:05:55 +0000] \"GET /users/profile HTTP/1.1\" 304 - \"http://localhost:3000/\" \"Mozilla/5.0 (Macintosh; Intel Mac OS X 10.15; rv:137.0) Gecko/20100101 Firefox/137.0\"","service":"auth-service","timestamp":"2025-04-28 06:35:55"}
{"level":"info","message":"::1 - - [28/Apr/2025:01:10:40 +0000] \"GET /users/profile HTTP/1.1\" 304 - \"http://localhost:3000/\" \"Mozilla/5.0 (Macintosh; Intel Mac OS X 10.15; rv:137.0) Gecko/20100101 Firefox/137.0\"","service":"auth-service","timestamp":"2025-04-28 06:40:40"}
{"level":"info","message":"::1 - - [28/Apr/2025:01:10:49 +0000] \"POST /login HTTP/1.1\" 200 534 \"http://localhost:3000/\" \"Mozilla/5.0 (Macintosh; Intel Mac OS X 10.15; rv:137.0) Gecko/20100101 Firefox/137.0\"","service":"auth-service","timestamp":"2025-04-28 06:40:49"}
{"level":"info","message":"::1 - - [28/Apr/2025:01:12:49 +0000] \"GET /users/profile HTTP/1.1\" 200 253 \"http://localhost:3000/\" \"Mozilla/5.0 (Macintosh; Intel Mac OS X 10_15_7) AppleWebKit/605.1.15 (KHTML, like Gecko) Version/17.1.2 Safari/605.1.15\"","service":"auth-service","timestamp":"2025-04-28 06:42:49"}
{"level":"info","message":"::1 - - [28/Apr/2025:01:18:29 +0000] \"POST /login HTTP/1.1\" 200 534 \"http://localhost:3000/\" \"Mozilla/5.0 (Macintosh; Intel Mac OS X 10.15; rv:137.0) Gecko/20100101 Firefox/137.0\"","service":"auth-service","timestamp":"2025-04-28 06:48:29"}
{"level":"info","message":"::1 - - [28/Apr/2025:01:19:10 +0000] \"GET /users/profile HTTP/1.1\" 304 - \"http://localhost:3000/\" \"Mozilla/5.0 (Macintosh; Intel Mac OS X 10.15; rv:137.0) Gecko/20100101 Firefox/137.0\"","service":"auth-service","timestamp":"2025-04-28 06:49:10"}
{"level":"info","message":"::1 - - [28/Apr/2025:13:42:40 +0000] \"POST /login HTTP/1.1\" 200 534 \"http://localhost:3000/\" \"Mozilla/5.0 (Macintosh; Intel Mac OS X 10.15; rv:137.0) Gecko/20100101 Firefox/137.0\"","service":"auth-service","timestamp":"2025-04-28 19:12:40"}
{"level":"info","message":"::1 - - [28/Apr/2025:13:42:45 +0000] \"GET /users/profile HTTP/1.1\" 200 253 \"http://localhost:3000/\" \"Mozilla/5.0 (Macintosh; Intel Mac OS X 10.15; rv:137.0) Gecko/20100101 Firefox/137.0\"","service":"auth-service","timestamp":"2025-04-28 19:12:45"}
{"level":"info","message":"::1 - - [28/Apr/2025:13:42:47 +0000] \"GET /users/profile HTTP/1.1\" 304 - \"http://localhost:3000/\" \"Mozilla/5.0 (Macintosh; Intel Mac OS X 10.15; rv:137.0) Gecko/20100101 Firefox/137.0\"","service":"auth-service","timestamp":"2025-04-28 19:12:47"}
{"level":"info","message":"::1 - - [28/Apr/2025:14:01:14 +0000] \"GET /users/profile HTTP/1.1\" 304 - \"http://localhost:3000/\" \"Mozilla/5.0 (Macintosh; Intel Mac OS X 10_15_7) AppleWebKit/605.1.15 (KHTML, like Gecko) Version/17.1.2 Safari/605.1.15\"","service":"auth-service","timestamp":"2025-04-28 19:31:14"}
{"level":"info","message":"::1 - - [28/Apr/2025:14:01:18 +0000] \"POST /login HTTP/1.1\" 200 534 \"http://localhost:3000/\" \"Mozilla/5.0 (Macintosh; Intel Mac OS X 10_15_7) AppleWebKit/605.1.15 (KHTML, like Gecko) Version/17.1.2 Safari/605.1.15\"","service":"auth-service","timestamp":"2025-04-28 19:31:18"}
{"level":"info","message":"::1 - - [28/Apr/2025:14:01:41 +0000] \"GET /users/profile HTTP/1.1\" 304 - \"http://localhost:3000/\" \"Mozilla/5.0 (Macintosh; Intel Mac OS X 10.15; rv:137.0) Gecko/20100101 Firefox/137.0\"","service":"auth-service","timestamp":"2025-04-28 19:31:41"}
{"level":"info","message":"::1 - - [28/Apr/2025:14:01:47 +0000] \"GET /users/profile HTTP/1.1\" 304 - \"http://localhost:3000/\" \"Mozilla/5.0 (Macintosh; Intel Mac OS X 10.15; rv:137.0) Gecko/20100101 Firefox/137.0\"","service":"auth-service","timestamp":"2025-04-28 19:31:47"}
{"level":"info","message":"::1 - - [28/Apr/2025:14:01:49 +0000] \"GET /users/profile HTTP/1.1\" 304 - \"http://localhost:3000/\" \"Mozilla/5.0 (Macintosh; Intel Mac OS X 10.15; rv:137.0) Gecko/20100101 Firefox/137.0\"","service":"auth-service","timestamp":"2025-04-28 19:31:49"}
{"level":"info","message":"::1 - - [28/Apr/2025:14:07:36 +0000] \"GET /users/profile HTTP/1.1\" 304 - \"http://localhost:3000/\" \"Mozilla/5.0 (Macintosh; Intel Mac OS X 10_15_7) AppleWebKit/605.1.15 (KHTML, like Gecko) Version/17.1.2 Safari/605.1.15\"","service":"auth-service","timestamp":"2025-04-28 19:37:36"}
{"level":"info","message":"::1 - - [28/Apr/2025:14:21:18 +0000] \"GET /users/profile HTTP/1.1\" 304 - \"http://localhost:3000/\" \"Mozilla/5.0 (Macintosh; Intel Mac OS X 10.15; rv:137.0) Gecko/20100101 Firefox/137.0\"","service":"auth-service","timestamp":"2025-04-28 19:51:18"}
{"level":"info","message":"::1 - - [28/Apr/2025:14:25:42 +0000] \"GET /users/profile HTTP/1.1\" 304 - \"http://localhost:3000/\" \"Mozilla/5.0 (Macintosh; Intel Mac OS X 10.15; rv:137.0) Gecko/20100101 Firefox/137.0\"","service":"auth-service","timestamp":"2025-04-28 19:55:42"}
{"level":"info","message":"::1 - - [28/Apr/2025:14:26:48 +0000] \"GET /users/profile HTTP/1.1\" 304 - \"http://localhost:3000/\" \"Mozilla/5.0 (Macintosh; Intel Mac OS X 10.15; rv:137.0) Gecko/20100101 Firefox/137.0\"","service":"auth-service","timestamp":"2025-04-28 19:56:48"}
{"level":"info","message":"::1 - - [28/Apr/2025:14:26:50 +0000] \"GET /users/profile HTTP/1.1\" 304 - \"http://localhost:3000/\" \"Mozilla/5.0 (Macintosh; Intel Mac OS X 10.15; rv:137.0) Gecko/20100101 Firefox/137.0\"","service":"auth-service","timestamp":"2025-04-28 19:56:50"}
{"level":"info","message":"::1 - - [28/Apr/2025:14:27:37 +0000] \"GET /users/profile HTTP/1.1\" 304 - \"http://localhost:3000/\" \"Mozilla/5.0 (Macintosh; Intel Mac OS X 10.15; rv:137.0) Gecko/20100101 Firefox/137.0\"","service":"auth-service","timestamp":"2025-04-28 19:57:37"}
{"level":"info","message":"::1 - - [28/Apr/2025:14:28:58 +0000] \"POST /login HTTP/1.1\" 401 39 \"http://localhost:3000/\" \"Mozilla/5.0 (Macintosh; Intel Mac OS X 10_15_7) AppleWebKit/605.1.15 (KHTML, like Gecko) Version/17.1.2 Safari/605.1.15\"","service":"auth-service","timestamp":"2025-04-28 19:58:58"}
{"level":"info","message":"::1 - - [28/Apr/2025:14:29:09 +0000] \"GET /users/profile HTTP/1.1\" 304 - \"http://localhost:3000/\" \"Mozilla/5.0 (Macintosh; Intel Mac OS X 10.15; rv:137.0) Gecko/20100101 Firefox/137.0\"","service":"auth-service","timestamp":"2025-04-28 19:59:09"}
{"level":"info","message":"::1 - - [28/Apr/2025:14:29:21 +0000] \"POST /login HTTP/1.1\" 200 534 \"http://localhost:3000/\" \"Mozilla/5.0 (Macintosh; Intel Mac OS X 10.15; rv:137.0) Gecko/20100101 Firefox/137.0\"","service":"auth-service","timestamp":"2025-04-28 19:59:21"}
{"level":"info","message":"::1 - - [28/Apr/2025:14:29:25 +0000] \"GET /users/profile HTTP/1.1\" 304 - \"http://localhost:3000/\" \"Mozilla/5.0 (Macintosh; Intel Mac OS X 10.15; rv:137.0) Gecko/20100101 Firefox/137.0\"","service":"auth-service","timestamp":"2025-04-28 19:59:25"}
{"level":"info","message":"::1 - - [28/Apr/2025:14:29:26 +0000] \"GET /users/profile HTTP/1.1\" 304 - \"http://localhost:3000/\" \"Mozilla/5.0 (Macintosh; Intel Mac OS X 10.15; rv:137.0) Gecko/20100101 Firefox/137.0\"","service":"auth-service","timestamp":"2025-04-28 19:59:26"}
{"level":"info","message":"::1 - - [28/Apr/2025:14:29:39 +0000] \"POST /login HTTP/1.1\" 200 542 \"http://localhost:3000/\" \"Mozilla/5.0 (Macintosh; Intel Mac OS X 10.15; rv:137.0) Gecko/20100101 Firefox/137.0\"","service":"auth-service","timestamp":"2025-04-28 19:59:39"}
{"level":"info","message":"::1 - - [28/Apr/2025:14:31:03 +0000] \"POST /login HTTP/1.1\" 200 534 \"http://localhost:3000/\" \"Mozilla/5.0 (Macintosh; Intel Mac OS X 10.15; rv:137.0) Gecko/20100101 Firefox/137.0\"","service":"auth-service","timestamp":"2025-04-28 20:01:03"}
{"level":"info","message":"::1 - - [28/Apr/2025:14:31:43 +0000] \"GET /users/profile HTTP/1.1\" 304 - \"http://localhost:3000/\" \"Mozilla/5.0 (Macintosh; Intel Mac OS X 10.15; rv:137.0) Gecko/20100101 Firefox/137.0\"","service":"auth-service","timestamp":"2025-04-28 20:01:43"}
{"level":"info","message":"::1 - - [28/Apr/2025:14:31:46 +0000] \"GET /users/profile HTTP/1.1\" 304 - \"http://localhost:3000/\" \"Mozilla/5.0 (Macintosh; Intel Mac OS X 10.15; rv:137.0) Gecko/20100101 Firefox/137.0\"","service":"auth-service","timestamp":"2025-04-28 20:01:46"}
{"level":"info","message":"::1 - - [28/Apr/2025:14:31:47 +0000] \"GET /users/profile HTTP/1.1\" 304 - \"http://localhost:3000/\" \"Mozilla/5.0 (Macintosh; Intel Mac OS X 10.15; rv:137.0) Gecko/20100101 Firefox/137.0\"","service":"auth-service","timestamp":"2025-04-28 20:01:47"}
{"level":"info","message":"::1 - - [28/Apr/2025:15:37:29 +0000] \"GET /users/profile HTTP/1.1\" 304 - \"http://localhost:3000/\" \"Mozilla/5.0 (Macintosh; Intel Mac OS X 10.15; rv:137.0) Gecko/20100101 Firefox/137.0\"","service":"auth-service","timestamp":"2025-04-28 21:07:29"}
{"level":"info","message":"::1 - - [28/Apr/2025:15:37:31 +0000] \"GET /users/profile HTTP/1.1\" 304 - \"http://localhost:3000/\" \"Mozilla/5.0 (Macintosh; Intel Mac OS X 10.15; rv:137.0) Gecko/20100101 Firefox/137.0\"","service":"auth-service","timestamp":"2025-04-28 21:07:31"}
{"level":"info","message":"::1 - - [28/Apr/2025:15:42:08 +0000] \"POST /login HTTP/1.1\" 200 534 \"http://localhost:3000/\" \"Mozilla/5.0 (Macintosh; Intel Mac OS X 10.15; rv:137.0) Gecko/20100101 Firefox/137.0\"","service":"auth-service","timestamp":"2025-04-28 21:12:08"}
{"level":"info","message":"::1 - - [28/Apr/2025:15:43:34 +0000] \"POST /login HTTP/1.1\" 200 542 \"http://localhost:3000/\" \"Mozilla/5.0 (Macintosh; Intel Mac OS X 10.15; rv:137.0) Gecko/20100101 Firefox/137.0\"","service":"auth-service","timestamp":"2025-04-28 21:13:34"}
{"level":"info","message":"::1 - - [28/Apr/2025:15:57:36 +0000] \"POST /login HTTP/1.1\" 200 534 \"http://localhost:3000/\" \"Mozilla/5.0 (Macintosh; Intel Mac OS X 10.15; rv:137.0) Gecko/20100101 Firefox/137.0\"","service":"auth-service","timestamp":"2025-04-28 21:27:36"}
{"level":"info","message":"::1 - - [28/Apr/2025:15:58:40 +0000] \"POST /login HTTP/1.1\" 200 534 \"http://localhost:3000/\" \"Mozilla/5.0 (Macintosh; Intel Mac OS X 10_15_7) AppleWebKit/605.1.15 (KHTML, like Gecko) Version/17.1.2 Safari/605.1.15\"","service":"auth-service","timestamp":"2025-04-28 21:28:40"}
{"level":"info","message":"::1 - - [28/Apr/2025:16:05:18 +0000] \"GET /users/profile HTTP/1.1\" 304 - \"http://localhost:3000/\" \"Mozilla/5.0 (Macintosh; Intel Mac OS X 10.15; rv:137.0) Gecko/20100101 Firefox/137.0\"","service":"auth-service","timestamp":"2025-04-28 21:35:18"}
{"level":"info","message":"::1 - - [28/Apr/2025:16:05:21 +0000] \"GET /users/profile HTTP/1.1\" 304 - \"http://localhost:3000/\" \"Mozilla/5.0 (Macintosh; Intel Mac OS X 10.15; rv:137.0) Gecko/20100101 Firefox/137.0\"","service":"auth-service","timestamp":"2025-04-28 21:35:21"}
{"level":"info","message":"::1 - - [28/Apr/2025:16:05:31 +0000] \"GET /users/profile HTTP/1.1\" 304 - \"http://localhost:3000/\" \"Mozilla/5.0 (Macintosh; Intel Mac OS X 10.15; rv:137.0) Gecko/20100101 Firefox/137.0\"","service":"auth-service","timestamp":"2025-04-28 21:35:31"}
{"level":"info","message":"::1 - - [28/Apr/2025:16:12:36 +0000] \"GET /users/profile HTTP/1.1\" 304 - \"http://localhost:3000/\" \"Mozilla/5.0 (Macintosh; Intel Mac OS X 10_15_7) AppleWebKit/605.1.15 (KHTML, like Gecko) Version/17.1.2 Safari/605.1.15\"","service":"auth-service","timestamp":"2025-04-28 21:42:36"}
{"level":"info","message":"::1 - - [28/Apr/2025:16:13:20 +0000] \"GET /users/profile HTTP/1.1\" 304 - \"http://localhost:3000/\" \"Mozilla/5.0 (Macintosh; Intel Mac OS X 10_15_7) AppleWebKit/605.1.15 (KHTML, like Gecko) Version/17.1.2 Safari/605.1.15\"","service":"auth-service","timestamp":"2025-04-28 21:43:20"}
{"level":"info","message":"::1 - - [28/Apr/2025:16:13:53 +0000] \"GET /users/profile HTTP/1.1\" 304 - \"http://localhost:3000/\" \"Mozilla/5.0 (Macintosh; Intel Mac OS X 10_15_7) AppleWebKit/605.1.15 (KHTML, like Gecko) Version/17.1.2 Safari/605.1.15\"","service":"auth-service","timestamp":"2025-04-28 21:43:53"}
{"level":"info","message":"::1 - - [28/Apr/2025:16:14:53 +0000] \"GET /users/profile HTTP/1.1\" 304 - \"http://localhost:3000/\" \"Mozilla/5.0 (Macintosh; Intel Mac OS X 10_15_7) AppleWebKit/605.1.15 (KHTML, like Gecko) Version/17.1.2 Safari/605.1.15\"","service":"auth-service","timestamp":"2025-04-28 21:44:53"}
{"level":"info","message":"::1 - - [28/Apr/2025:16:16:04 +0000] \"GET /users/profile HTTP/1.1\" 304 - \"http://localhost:3000/\" \"Mozilla/5.0 (Macintosh; Intel Mac OS X 10.15; rv:137.0) Gecko/20100101 Firefox/137.0\"","service":"auth-service","timestamp":"2025-04-28 21:46:04"}
{"level":"info","message":"::1 - - [28/Apr/2025:16:18:57 +0000] \"GET /users/profile HTTP/1.1\" 304 - \"http://localhost:3000/\" \"Mozilla/5.0 (Macintosh; Intel Mac OS X 10.15; rv:137.0) Gecko/20100101 Firefox/137.0\"","service":"auth-service","timestamp":"2025-04-28 21:48:57"}
{"level":"info","message":"::1 - - [28/Apr/2025:16:58:23 +0000] \"GET /users/profile HTTP/1.1\" 304 - \"http://localhost:3000/\" \"Mozilla/5.0 (Macintosh; Intel Mac OS X 10_15_7) AppleWebKit/605.1.15 (KHTML, like Gecko) Version/17.1.2 Safari/605.1.15\"","service":"auth-service","timestamp":"2025-04-28 22:28:23"}
{"level":"info","message":"::1 - - [28/Apr/2025:17:01:13 +0000] \"GET /users/profile HTTP/1.1\" 304 - \"http://localhost:3000/\" \"Mozilla/5.0 (Macintosh; Intel Mac OS X 10_15_7) AppleWebKit/605.1.15 (KHTML, like Gecko) Version/17.1.2 Safari/605.1.15\"","service":"auth-service","timestamp":"2025-04-28 22:31:13"}
{"level":"info","message":"::1 - - [28/Apr/2025:17:01:26 +0000] \"GET /users/profile HTTP/1.1\" 304 - \"http://localhost:3000/\" \"Mozilla/5.0 (Macintosh; Intel Mac OS X 10_15_7) AppleWebKit/605.1.15 (KHTML, like Gecko) Version/17.1.2 Safari/605.1.15\"","service":"auth-service","timestamp":"2025-04-28 22:31:26"}
{"level":"info","message":"::1 - - [28/Apr/2025:17:04:19 +0000] \"GET /users/profile HTTP/1.1\" 304 - \"http://localhost:3000/\" \"Mozilla/5.0 (Macintosh; Intel Mac OS X 10_15_7) AppleWebKit/605.1.15 (KHTML, like Gecko) Version/17.1.2 Safari/605.1.15\"","service":"auth-service","timestamp":"2025-04-28 22:34:19"}
{"level":"info","message":"::1 - - [28/Apr/2025:17:05:01 +0000] \"GET /users/profile HTTP/1.1\" 304 - \"http://localhost:3000/\" \"Mozilla/5.0 (Macintosh; Intel Mac OS X 10_15_7) AppleWebKit/605.1.15 (KHTML, like Gecko) Version/17.1.2 Safari/605.1.15\"","service":"auth-service","timestamp":"2025-04-28 22:35:01"}
{"level":"info","message":"::1 - - [28/Apr/2025:17:05:36 +0000] \"GET /users/profile HTTP/1.1\" 304 - \"http://localhost:3000/\" \"Mozilla/5.0 (Macintosh; Intel Mac OS X 10_15_7) AppleWebKit/605.1.15 (KHTML, like Gecko) Version/17.1.2 Safari/605.1.15\"","service":"auth-service","timestamp":"2025-04-28 22:35:36"}
{"level":"info","message":"::1 - - [28/Apr/2025:17:06:32 +0000] \"GET /users/profile HTTP/1.1\" 304 - \"http://localhost:3000/\" \"Mozilla/5.0 (Macintosh; Intel Mac OS X 10.15; rv:137.0) Gecko/20100101 Firefox/137.0\"","service":"auth-service","timestamp":"2025-04-28 22:36:32"}
{"level":"info","message":"::1 - - [28/Apr/2025:17:07:01 +0000] \"GET /users/profile HTTP/1.1\" 304 - \"http://localhost:3000/\" \"Mozilla/5.0 (Macintosh; Intel Mac OS X 10_15_7) AppleWebKit/605.1.15 (KHTML, like Gecko) Version/17.1.2 Safari/605.1.15\"","service":"auth-service","timestamp":"2025-04-28 22:37:01"}
{"level":"info","message":"::1 - - [28/Apr/2025:17:07:20 +0000] \"GET /users/profile HTTP/1.1\" 304 - \"http://localhost:3000/\" \"Mozilla/5.0 (Macintosh; Intel Mac OS X 10_15_7) AppleWebKit/605.1.15 (KHTML, like Gecko) Version/17.1.2 Safari/605.1.15\"","service":"auth-service","timestamp":"2025-04-28 22:37:20"}
{"level":"info","message":"::1 - - [28/Apr/2025:17:08:04 +0000] \"GET /users/profile HTTP/1.1\" 304 - \"http://localhost:3000/\" \"Mozilla/5.0 (Macintosh; Intel Mac OS X 10_15_7) AppleWebKit/605.1.15 (KHTML, like Gecko) Version/17.1.2 Safari/605.1.15\"","service":"auth-service","timestamp":"2025-04-28 22:38:04"}
{"level":"info","message":"::1 - - [28/Apr/2025:17:13:47 +0000] \"GET /users/profile HTTP/1.1\" 304 - \"http://localhost:3000/\" \"Mozilla/5.0 (Macintosh; Intel Mac OS X 10.15; rv:137.0) Gecko/20100101 Firefox/137.0\"","service":"auth-service","timestamp":"2025-04-28 22:43:47"}
{"level":"info","message":"::1 - - [28/Apr/2025:17:22:49 +0000] \"POST /login HTTP/1.1\" 200 542 \"http://localhost:3000/\" \"Mozilla/5.0 (Macintosh; Intel Mac OS X 10.15; rv:137.0) Gecko/20100101 Firefox/137.0\"","service":"auth-service","timestamp":"2025-04-28 22:52:49"}
{"level":"info","message":"::1 - - [28/Apr/2025:17:24:39 +0000] \"GET /users/profile HTTP/1.1\" 200 257 \"http://localhost:3000/\" \"Mozilla/5.0 (Macintosh; Intel Mac OS X 10.15; rv:137.0) Gecko/20100101 Firefox/137.0\"","service":"auth-service","timestamp":"2025-04-28 22:54:39"}
{"level":"info","message":"::1 - - [28/Apr/2025:17:38:10 +0000] \"GET /users/profile HTTP/1.1\" 304 - \"http://localhost:3000/\" \"Mozilla/5.0 (Macintosh; Intel Mac OS X 10_15_7) AppleWebKit/605.1.15 (KHTML, like Gecko) Version/17.1.2 Safari/605.1.15\"","service":"auth-service","timestamp":"2025-04-28 23:08:10"}
{"level":"info","message":"::1 - - [28/Apr/2025:17:38:23 +0000] \"GET /users/profile HTTP/1.1\" 304 - \"http://localhost:3000/\" \"Mozilla/5.0 (Macintosh; Intel Mac OS X 10_15_7) AppleWebKit/605.1.15 (KHTML, like Gecko) Version/17.1.2 Safari/605.1.15\"","service":"auth-service","timestamp":"2025-04-28 23:08:23"}
{"level":"info","message":"::1 - - [28/Apr/2025:17:38:45 +0000] \"GET /users/profile HTTP/1.1\" 304 - \"http://localhost:3000/\" \"Mozilla/5.0 (Macintosh; Intel Mac OS X 10_15_7) AppleWebKit/605.1.15 (KHTML, like Gecko) Version/17.1.2 Safari/605.1.15\"","service":"auth-service","timestamp":"2025-04-28 23:08:45"}
{"level":"info","message":"::1 - - [28/Apr/2025:17:42:47 +0000] \"GET /users/profile HTTP/1.1\" 304 - \"http://localhost:3000/\" \"Mozilla/5.0 (Macintosh; Intel Mac OS X 10_15_7) AppleWebKit/605.1.15 (KHTML, like Gecko) Version/17.1.2 Safari/605.1.15\"","service":"auth-service","timestamp":"2025-04-28 23:12:47"}
{"level":"info","message":"::1 - - [28/Apr/2025:17:47:22 +0000] \"GET /users/profile HTTP/1.1\" 304 - \"http://localhost:3000/\" \"Mozilla/5.0 (Macintosh; Intel Mac OS X 10.15; rv:137.0) Gecko/20100101 Firefox/137.0\"","service":"auth-service","timestamp":"2025-04-28 23:17:22"}
{"level":"info","message":"::1 - - [28/Apr/2025:18:13:47 +0000] \"GET /users/profile HTTP/1.1\" 304 - \"http://localhost:3000/\" \"Mozilla/5.0 (Macintosh; Intel Mac OS X 10_15_7) AppleWebKit/605.1.15 (KHTML, like Gecko) Version/17.1.2 Safari/605.1.15\"","service":"auth-service","timestamp":"2025-04-28 23:43:47"}
{"level":"info","message":"::1 - - [28/Apr/2025:18:15:21 +0000] \"GET /users/profile HTTP/1.1\" 304 - \"http://localhost:3000/\" \"Mozilla/5.0 (Macintosh; Intel Mac OS X 10_15_7) AppleWebKit/605.1.15 (KHTML, like Gecko) Version/17.1.2 Safari/605.1.15\"","service":"auth-service","timestamp":"2025-04-28 23:45:21"}
{"level":"info","message":"::1 - - [28/Apr/2025:18:20:53 +0000] \"GET /users/profile HTTP/1.1\" 304 - \"http://localhost:3000/\" \"Mozilla/5.0 (Macintosh; Intel Mac OS X 10.15; rv:137.0) Gecko/20100101 Firefox/137.0\"","service":"auth-service","timestamp":"2025-04-28 23:50:53"}
{"level":"info","message":"::1 - - [28/Apr/2025:18:21:49 +0000] \"GET /users/profile HTTP/1.1\" 304 - \"http://localhost:3000/\" \"Mozilla/5.0 (Macintosh; Intel Mac OS X 10.15; rv:137.0) Gecko/20100101 Firefox/137.0\"","service":"auth-service","timestamp":"2025-04-28 23:51:49"}
{"level":"info","message":"::1 - - [28/Apr/2025:23:34:37 +0000] \"GET /users/profile HTTP/1.1\" 304 - \"http://localhost:3000/\" \"Mozilla/5.0 (Macintosh; Intel Mac OS X 10.15; rv:137.0) Gecko/20100101 Firefox/137.0\"","service":"auth-service","timestamp":"2025-04-29 05:04:37"}
{"level":"info","message":"::1 - - [28/Apr/2025:23:38:29 +0000] \"GET /users/profile HTTP/1.1\" 304 - \"http://localhost:3000/\" \"Mozilla/5.0 (Macintosh; Intel Mac OS X 10.15; rv:137.0) Gecko/20100101 Firefox/137.0\"","service":"auth-service","timestamp":"2025-04-29 05:08:29"}
{"level":"info","message":"::1 - - [28/Apr/2025:23:45:11 +0000] \"GET /users/profile HTTP/1.1\" 304 - \"http://localhost:3000/\" \"Mozilla/5.0 (Macintosh; Intel Mac OS X 10.15; rv:137.0) Gecko/20100101 Firefox/137.0\"","service":"auth-service","timestamp":"2025-04-29 05:15:11"}
{"level":"info","message":"::1 - - [28/Apr/2025:23:52:02 +0000] \"GET /users/profile HTTP/1.1\" 304 - \"http://localhost:3000/\" \"Mozilla/5.0 (Macintosh; Intel Mac OS X 10.15; rv:137.0) Gecko/20100101 Firefox/137.0\"","service":"auth-service","timestamp":"2025-04-29 05:22:02"}
{"level":"info","message":"::1 - - [28/Apr/2025:23:52:41 +0000] \"GET /users/profile HTTP/1.1\" 304 - \"http://localhost:3000/\" \"Mozilla/5.0 (Macintosh; Intel Mac OS X 10.15; rv:137.0) Gecko/20100101 Firefox/137.0\"","service":"auth-service","timestamp":"2025-04-29 05:22:41"}
{"level":"info","message":"::1 - - [29/Apr/2025:00:00:52 +0000] \"GET /users/profile HTTP/1.1\" 304 - \"http://localhost:3000/\" \"Mozilla/5.0 (Macintosh; Intel Mac OS X 10.15; rv:137.0) Gecko/20100101 Firefox/137.0\"","service":"auth-service","timestamp":"2025-04-29 05:30:52"}
{"level":"info","message":"::1 - - [29/Apr/2025:00:06:02 +0000] \"GET /users/profile HTTP/1.1\" 304 - \"http://localhost:3000/\" \"Mozilla/5.0 (Macintosh; Intel Mac OS X 10.15; rv:137.0) Gecko/20100101 Firefox/137.0\"","service":"auth-service","timestamp":"2025-04-29 05:36:02"}
{"level":"info","message":"::1 - - [29/Apr/2025:00:08:18 +0000] \"GET /users/profile HTTP/1.1\" 304 - \"http://localhost:3000/\" \"Mozilla/5.0 (Macintosh; Intel Mac OS X 10.15; rv:137.0) Gecko/20100101 Firefox/137.0\"","service":"auth-service","timestamp":"2025-04-29 05:38:18"}
{"level":"info","message":"::1 - - [29/Apr/2025:00:09:41 +0000] \"GET /users/profile HTTP/1.1\" 304 - \"http://localhost:3000/\" \"Mozilla/5.0 (Macintosh; Intel Mac OS X 10.15; rv:137.0) Gecko/20100101 Firefox/137.0\"","service":"auth-service","timestamp":"2025-04-29 05:39:41"}
{"level":"info","message":"::1 - - [29/Apr/2025:00:12:45 +0000] \"GET /users/profile HTTP/1.1\" 304 - \"http://localhost:3000/\" \"Mozilla/5.0 (Macintosh; Intel Mac OS X 10.15; rv:137.0) Gecko/20100101 Firefox/137.0\"","service":"auth-service","timestamp":"2025-04-29 05:42:45"}
{"level":"info","message":"::1 - - [29/Apr/2025:00:16:16 +0000] \"GET /users/profile HTTP/1.1\" 304 - \"http://localhost:3000/\" \"Mozilla/5.0 (Macintosh; Intel Mac OS X 10.15; rv:137.0) Gecko/20100101 Firefox/137.0\"","service":"auth-service","timestamp":"2025-04-29 05:46:16"}
{"level":"info","message":"::1 - - [29/Apr/2025:00:17:22 +0000] \"GET /users/profile HTTP/1.1\" 304 - \"http://localhost:3000/\" \"Mozilla/5.0 (Macintosh; Intel Mac OS X 10.15; rv:137.0) Gecko/20100101 Firefox/137.0\"","service":"auth-service","timestamp":"2025-04-29 05:47:22"}
{"level":"info","message":"::1 - - [29/Apr/2025:00:17:51 +0000] \"GET /users/profile HTTP/1.1\" 304 - \"http://localhost:3000/\" \"Mozilla/5.0 (Macintosh; Intel Mac OS X 10.15; rv:137.0) Gecko/20100101 Firefox/137.0\"","service":"auth-service","timestamp":"2025-04-29 05:47:51"}
{"level":"info","message":"::1 - - [29/Apr/2025:00:19:43 +0000] \"GET /users/profile HTTP/1.1\" 304 - \"http://localhost:3000/\" \"Mozilla/5.0 (Macintosh; Intel Mac OS X 10.15; rv:137.0) Gecko/20100101 Firefox/137.0\"","service":"auth-service","timestamp":"2025-04-29 05:49:43"}
{"level":"info","message":"::1 - - [29/Apr/2025:00:20:11 +0000] \"GET /users/profile HTTP/1.1\" 304 - \"http://localhost:3000/\" \"Mozilla/5.0 (Macintosh; Intel Mac OS X 10.15; rv:137.0) Gecko/20100101 Firefox/137.0\"","service":"auth-service","timestamp":"2025-04-29 05:50:11"}
{"level":"info","message":"::1 - - [29/Apr/2025:00:21:12 +0000] \"GET /users/profile HTTP/1.1\" 304 - \"http://localhost:3000/\" \"Mozilla/5.0 (Macintosh; Intel Mac OS X 10.15; rv:137.0) Gecko/20100101 Firefox/137.0\"","service":"auth-service","timestamp":"2025-04-29 05:51:12"}
{"level":"info","message":"::1 - - [29/Apr/2025:00:22:28 +0000] \"GET /users/profile HTTP/1.1\" 304 - \"http://localhost:3000/\" \"Mozilla/5.0 (Macintosh; Intel Mac OS X 10.15; rv:137.0) Gecko/20100101 Firefox/137.0\"","service":"auth-service","timestamp":"2025-04-29 05:52:28"}
{"level":"info","message":"::1 - - [29/Apr/2025:00:23:01 +0000] \"GET /users/profile HTTP/1.1\" 304 - \"http://localhost:3000/\" \"Mozilla/5.0 (Macintosh; Intel Mac OS X 10_15_7) AppleWebKit/605.1.15 (KHTML, like Gecko) Version/17.1.2 Safari/605.1.15\"","service":"auth-service","timestamp":"2025-04-29 05:53:01"}
{"level":"info","message":"::1 - - [29/Apr/2025:00:24:29 +0000] \"GET /users/profile HTTP/1.1\" 304 - \"http://localhost:3000/\" \"Mozilla/5.0 (Macintosh; Intel Mac OS X 10.15; rv:137.0) Gecko/20100101 Firefox/137.0\"","service":"auth-service","timestamp":"2025-04-29 05:54:29"}
{"level":"info","message":"::1 - - [29/Apr/2025:00:26:27 +0000] \"POST /login HTTP/1.1\" 200 534 \"http://localhost:3000/\" \"Mozilla/5.0 (Macintosh; Intel Mac OS X 10.15; rv:137.0) Gecko/20100101 Firefox/137.0\"","service":"auth-service","timestamp":"2025-04-29 05:56:27"}
{"level":"info","message":"::1 - - [29/Apr/2025:00:28:12 +0000] \"GET /users/profile HTTP/1.1\" 200 253 \"http://localhost:3000/\" \"Mozilla/5.0 (Macintosh; Intel Mac OS X 10.15; rv:137.0) Gecko/20100101 Firefox/137.0\"","service":"auth-service","timestamp":"2025-04-29 05:58:12"}
{"level":"info","message":"::1 - - [29/Apr/2025:00:30:02 +0000] \"GET /users/profile HTTP/1.1\" 304 - \"http://localhost:3000/\" \"Mozilla/5.0 (Macintosh; Intel Mac OS X 10.15; rv:137.0) Gecko/20100101 Firefox/137.0\"","service":"auth-service","timestamp":"2025-04-29 06:00:02"}
{"level":"info","message":"::1 - - [29/Apr/2025:00:30:07 +0000] \"GET /users/profile HTTP/1.1\" 304 - \"http://localhost:3000/\" \"Mozilla/5.0 (Macintosh; Intel Mac OS X 10_15_7) AppleWebKit/605.1.15 (KHTML, like Gecko) Version/17.1.2 Safari/605.1.15\"","service":"auth-service","timestamp":"2025-04-29 06:00:07"}
{"level":"info","message":"::1 - - [29/Apr/2025:00:32:26 +0000] \"GET /users/profile HTTP/1.1\" 304 - \"http://localhost:3000/\" \"Mozilla/5.0 (Macintosh; Intel Mac OS X 10.15; rv:137.0) Gecko/20100101 Firefox/137.0\"","service":"auth-service","timestamp":"2025-04-29 06:02:26"}
{"level":"info","message":"::1 - - [29/Apr/2025:00:34:53 +0000] \"GET /users/profile HTTP/1.1\" 304 - \"http://localhost:3000/\" \"Mozilla/5.0 (Macintosh; Intel Mac OS X 10.15; rv:137.0) Gecko/20100101 Firefox/137.0\"","service":"auth-service","timestamp":"2025-04-29 06:04:53"}
{"level":"info","message":"Auth Service running on port 3001","service":"auth-service","timestamp":"2025-04-29 06:22:44"}
{"level":"info","message":"Connected to MongoDB","service":"auth-service","timestamp":"2025-04-29 06:22:45"}
{"level":"info","message":"::1 - - [29/Apr/2025:00:53:24 +0000] \"POST /login HTTP/1.1\" 200 534 \"http://localhost:3000/\" \"Mozilla/5.0 (Macintosh; Intel Mac OS X 10.15; rv:137.0) Gecko/20100101 Firefox/137.0\"","service":"auth-service","timestamp":"2025-04-29 06:23:24"}
{"level":"info","message":"::1 - - [29/Apr/2025:00:54:48 +0000] \"GET /users/profile HTTP/1.1\" 200 253 \"http://localhost:3000/\" \"Mozilla/5.0 (Macintosh; Intel Mac OS X 10.15; rv:137.0) Gecko/20100101 Firefox/137.0\"","service":"auth-service","timestamp":"2025-04-29 06:24:48"}
{"level":"info","message":"::1 - - [29/Apr/2025:00:55:30 +0000] \"GET /users/profile HTTP/1.1\" 304 - \"http://localhost:3000/\" \"Mozilla/5.0 (Macintosh; Intel Mac OS X 10.15; rv:137.0) Gecko/20100101 Firefox/137.0\"","service":"auth-service","timestamp":"2025-04-29 06:25:30"}
{"level":"info","message":"::1 - - [29/Apr/2025:00:56:14 +0000] \"GET /users/profile HTTP/1.1\" 304 - \"http://localhost:3000/\" \"Mozilla/5.0 (Macintosh; Intel Mac OS X 10.15; rv:137.0) Gecko/20100101 Firefox/137.0\"","service":"auth-service","timestamp":"2025-04-29 06:26:14"}
{"level":"info","message":"::1 - - [29/Apr/2025:00:56:33 +0000] \"GET /users/profile HTTP/1.1\" 304 - \"http://localhost:3000/\" \"Mozilla/5.0 (Macintosh; Intel Mac OS X 10.15; rv:137.0) Gecko/20100101 Firefox/137.0\"","service":"auth-service","timestamp":"2025-04-29 06:26:33"}
{"level":"info","message":"::1 - - [29/Apr/2025:00:59:11 +0000] \"GET /users/profile HTTP/1.1\" 304 - \"http://localhost:3000/\" \"Mozilla/5.0 (Macintosh; Intel Mac OS X 10.15; rv:137.0) Gecko/20100101 Firefox/137.0\"","service":"auth-service","timestamp":"2025-04-29 06:29:11"}
{"level":"info","message":"::1 - - [29/Apr/2025:01:01:01 +0000] \"GET /users/profile HTTP/1.1\" 304 - \"http://localhost:3000/\" \"Mozilla/5.0 (Macintosh; Intel Mac OS X 10.15; rv:137.0) Gecko/20100101 Firefox/137.0\"","service":"auth-service","timestamp":"2025-04-29 06:31:01"}
{"level":"info","message":"::1 - - [29/Apr/2025:01:01:10 +0000] \"GET /users/profile HTTP/1.1\" 304 - \"http://localhost:3000/\" \"Mozilla/5.0 (Macintosh; Intel Mac OS X 10.15; rv:137.0) Gecko/20100101 Firefox/137.0\"","service":"auth-service","timestamp":"2025-04-29 06:31:10"}
{"level":"info","message":"::1 - - [29/Apr/2025:01:01:24 +0000] \"GET /users/profile HTTP/1.1\" 304 - \"http://localhost:3000/\" \"Mozilla/5.0 (Macintosh; Intel Mac OS X 10.15; rv:137.0) Gecko/20100101 Firefox/137.0\"","service":"auth-service","timestamp":"2025-04-29 06:31:24"}
{"level":"info","message":"::1 - - [29/Apr/2025:01:01:33 +0000] \"GET /users/profile HTTP/1.1\" 304 - \"http://localhost:3000/\" \"Mozilla/5.0 (Macintosh; Intel Mac OS X 10.15; rv:137.0) Gecko/20100101 Firefox/137.0\"","service":"auth-service","timestamp":"2025-04-29 06:31:33"}
{"level":"info","message":"::1 - - [29/Apr/2025:01:01:46 +0000] \"GET /users/profile HTTP/1.1\" 304 - \"http://localhost:3000/\" \"Mozilla/5.0 (Macintosh; Intel Mac OS X 10.15; rv:137.0) Gecko/20100101 Firefox/137.0\"","service":"auth-service","timestamp":"2025-04-29 06:31:46"}
{"level":"info","message":"::1 - - [29/Apr/2025:01:02:12 +0000] \"GET /users/profile HTTP/1.1\" 304 - \"http://localhost:3000/\" \"Mozilla/5.0 (Macintosh; Intel Mac OS X 10.15; rv:137.0) Gecko/20100101 Firefox/137.0\"","service":"auth-service","timestamp":"2025-04-29 06:32:12"}
{"level":"info","message":"::1 - - [29/Apr/2025:01:02:47 +0000] \"GET /users/profile HTTP/1.1\" 304 - \"http://localhost:3000/\" \"Mozilla/5.0 (Macintosh; Intel Mac OS X 10.15; rv:137.0) Gecko/20100101 Firefox/137.0\"","service":"auth-service","timestamp":"2025-04-29 06:32:47"}
{"level":"info","message":"::1 - - [29/Apr/2025:01:03:53 +0000] \"GET /users/profile HTTP/1.1\" 304 - \"http://localhost:3000/\" \"Mozilla/5.0 (Macintosh; Intel Mac OS X 10.15; rv:137.0) Gecko/20100101 Firefox/137.0\"","service":"auth-service","timestamp":"2025-04-29 06:33:53"}
{"level":"info","message":"::1 - - [29/Apr/2025:01:04:37 +0000] \"GET /users/profile HTTP/1.1\" 304 - \"http://localhost:3000/\" \"Mozilla/5.0 (Macintosh; Intel Mac OS X 10.15; rv:137.0) Gecko/20100101 Firefox/137.0\"","service":"auth-service","timestamp":"2025-04-29 06:34:37"}
{"level":"info","message":"::1 - - [29/Apr/2025:01:05:07 +0000] \"GET /users/profile HTTP/1.1\" 304 - \"http://localhost:3000/\" \"Mozilla/5.0 (Macintosh; Intel Mac OS X 10.15; rv:137.0) Gecko/20100101 Firefox/137.0\"","service":"auth-service","timestamp":"2025-04-29 06:35:07"}
{"level":"info","message":"::1 - - [29/Apr/2025:01:05:45 +0000] \"GET /users/profile HTTP/1.1\" 304 - \"http://localhost:3000/\" \"Mozilla/5.0 (Macintosh; Intel Mac OS X 10.15; rv:137.0) Gecko/20100101 Firefox/137.0\"","service":"auth-service","timestamp":"2025-04-29 06:35:45"}
{"level":"info","message":"::1 - - [29/Apr/2025:01:38:23 +0000] \"GET /users/profile HTTP/1.1\" 304 - \"http://localhost:3000/\" \"Mozilla/5.0 (Macintosh; Intel Mac OS X 10.15; rv:137.0) Gecko/20100101 Firefox/137.0\"","service":"auth-service","timestamp":"2025-04-29 07:08:23"}
{"level":"info","message":"::1 - - [29/Apr/2025:01:38:41 +0000] \"GET /users/profile HTTP/1.1\" 304 - \"http://localhost:3000/\" \"Mozilla/5.0 (Macintosh; Intel Mac OS X 10.15; rv:137.0) Gecko/20100101 Firefox/137.0\"","service":"auth-service","timestamp":"2025-04-29 07:08:41"}
{"level":"info","message":"::1 - - [29/Apr/2025:01:39:11 +0000] \"GET /users/profile HTTP/1.1\" 304 - \"http://localhost:3000/\" \"Mozilla/5.0 (Macintosh; Intel Mac OS X 10.15; rv:137.0) Gecko/20100101 Firefox/137.0\"","service":"auth-service","timestamp":"2025-04-29 07:09:11"}
{"level":"info","message":"::1 - - [29/Apr/2025:01:39:31 +0000] \"GET /users/profile HTTP/1.1\" 304 - \"http://localhost:3000/\" \"Mozilla/5.0 (Macintosh; Intel Mac OS X 10.15; rv:137.0) Gecko/20100101 Firefox/137.0\"","service":"auth-service","timestamp":"2025-04-29 07:09:31"}
{"level":"info","message":"::1 - - [29/Apr/2025:01:39:53 +0000] \"GET /users/profile HTTP/1.1\" 304 - \"http://localhost:3000/\" \"Mozilla/5.0 (Macintosh; Intel Mac OS X 10.15; rv:137.0) Gecko/20100101 Firefox/137.0\"","service":"auth-service","timestamp":"2025-04-29 07:09:53"}
{"level":"info","message":"::1 - - [29/Apr/2025:01:40:13 +0000] \"GET /users/profile HTTP/1.1\" 304 - \"http://localhost:3000/\" \"Mozilla/5.0 (Macintosh; Intel Mac OS X 10.15; rv:137.0) Gecko/20100101 Firefox/137.0\"","service":"auth-service","timestamp":"2025-04-29 07:10:13"}
{"level":"info","message":"::1 - - [29/Apr/2025:01:40:34 +0000] \"GET /users/profile HTTP/1.1\" 304 - \"http://localhost:3000/\" \"Mozilla/5.0 (Macintosh; Intel Mac OS X 10.15; rv:137.0) Gecko/20100101 Firefox/137.0\"","service":"auth-service","timestamp":"2025-04-29 07:10:34"}
{"level":"info","message":"::1 - - [29/Apr/2025:14:25:22 +0000] \"GET /users/profile HTTP/1.1\" 304 - \"http://localhost:3000/\" \"Mozilla/5.0 (Macintosh; Intel Mac OS X 10.15; rv:137.0) Gecko/20100101 Firefox/137.0\"","service":"auth-service","timestamp":"2025-04-29 19:55:22"}
