{"level":"info","message":"Order service running on port 3003","service":"order-service","timestamp":"2025-04-27 12:33:19"}
{"level":"info","message":"Connected to MongoDB","service":"order-service","timestamp":"2025-04-27 12:33:23"}
{"level":"info","message":"POST /","service":"order-service","timestamp":"2025-04-27 12:51:52"}
{"level":"error","message":"Create order error: Order validation failed: restaurantId: Cast to ObjectId failed for value \"1\" (type string) at path \"restaurantId\" because of \"BSONError\", items.0.menuItemId: Cast to ObjectId failed for value \"101[{\"name\":\"Size\",\"value\":\"Regular\"}]\" (type string) at path \"menuItemId\" because of \"BSONError\"","service":"order-service","timestamp":"2025-04-27 12:51:52"}
{"level":"info","message":"POST /","service":"order-service","timestamp":"2025-04-27 12:53:06"}
{"level":"info","message":"POST /","service":"order-service","timestamp":"2025-04-27 12:53:45"}
{"level":"info","message":"GET /customer?page=1&limit=20","service":"order-service","timestamp":"2025-04-27 14:02:36"}
{"level":"error","message":"Get order error: Cast to ObjectId failed for value \"customer\" (type string) at path \"_id\" for model \"Order\"","service":"order-service","timestamp":"2025-04-27 14:02:36"}
{"level":"info","message":"GET /customer?page=1&limit=20","service":"order-service","timestamp":"2025-04-27 14:02:36"}
{"level":"error","message":"Get order error: Cast to ObjectId failed for value \"customer\" (type string) at path \"_id\" for model \"Order\"","service":"order-service","timestamp":"2025-04-27 14:02:36"}
{"level":"info","message":"GET /customer?status=pending&page=1&limit=20","service":"order-service","timestamp":"2025-04-27 14:02:39"}
{"level":"error","message":"Get order error: Cast to ObjectId failed for value \"customer\" (type string) at path \"_id\" for model \"Order\"","service":"order-service","timestamp":"2025-04-27 14:02:39"}
{"level":"info","message":"GET /customer?status=delivered&page=1&limit=20","service":"order-service","timestamp":"2025-04-27 14:02:40"}
{"level":"error","message":"Get order error: Cast to ObjectId failed for value \"customer\" (type string) at path \"_id\" for model \"Order\"","service":"order-service","timestamp":"2025-04-27 14:02:40"}
{"level":"info","message":"GET /customer?page=1&limit=20","service":"order-service","timestamp":"2025-04-27 14:02:41"}
{"level":"error","message":"Get order error: Cast to ObjectId failed for value \"customer\" (type string) at path \"_id\" for model \"Order\"","service":"order-service","timestamp":"2025-04-27 14:02:41"}
{"level":"info","message":"GET /customer?page=1&limit=20","service":"order-service","timestamp":"2025-04-27 14:03:15"}
{"level":"error","message":"Get order error: Cast to ObjectId failed for value \"customer\" (type string) at path \"_id\" for model \"Order\"","service":"order-service","timestamp":"2025-04-27 14:03:15"}
{"level":"info","message":"GET /customer?page=1&limit=20","service":"order-service","timestamp":"2025-04-27 14:03:15"}
{"level":"error","message":"Get order error: Cast to ObjectId failed for value \"customer\" (type string) at path \"_id\" for model \"Order\"","service":"order-service","timestamp":"2025-04-27 14:03:15"}
{"level":"info","message":"Order service running on port 3003","service":"order-service","timestamp":"2025-04-27 22:10:17"}
{"level":"info","message":"Connected to MongoDB","service":"order-service","timestamp":"2025-04-27 22:10:18"}
{"level":"info","message":"POST /","service":"order-service","timestamp":"2025-04-27 22:58:44"}
{"level":"info","message":"POST /","service":"order-service","timestamp":"2025-04-27 23:00:11"}
{"level":"info","message":"GET /customer?page=1&limit=20","service":"order-service","timestamp":"2025-04-27 23:04:09"}
{"level":"error","message":"Get order error: Cast to ObjectId failed for value \"customer\" (type string) at path \"_id\" for model \"Order\"","service":"order-service","timestamp":"2025-04-27 23:04:09"}
{"level":"info","message":"GET /customer?page=1&limit=20","service":"order-service","timestamp":"2025-04-27 23:04:09"}
{"level":"error","message":"Get order error: Cast to ObjectId failed for value \"customer\" (type string) at path \"_id\" for model \"Order\"","service":"order-service","timestamp":"2025-04-27 23:04:09"}
{"level":"info","message":"POST /","service":"order-service","timestamp":"2025-04-27 23:26:49"}
{"level":"info","message":"POST /","service":"order-service","timestamp":"2025-04-27 23:27:22"}
{"level":"error","message":"Failed to notify restaurant service: Invalid URL","service":"order-service","timestamp":"2025-04-27 23:27:23"}
{"level":"info","message":"GET /customer?page=1&limit=20","service":"order-service","timestamp":"2025-04-27 23:27:43"}
{"level":"error","message":"Get order error: Cast to ObjectId failed for value \"customer\" (type string) at path \"_id\" for model \"Order\"","service":"order-service","timestamp":"2025-04-27 23:27:43"}
{"level":"info","message":"GET /customer?page=1&limit=20","service":"order-service","timestamp":"2025-04-27 23:27:43"}
{"level":"error","message":"Get order error: Cast to ObjectId failed for value \"customer\" (type string) at path \"_id\" for model \"Order\"","service":"order-service","timestamp":"2025-04-27 23:27:43"}
{"level":"info","message":"GET /680e7002d63dabd40efc3694","service":"order-service","timestamp":"2025-04-27 23:28:03"}
{"level":"info","message":"GET /customer?page=1&limit=10","service":"order-service","timestamp":"2025-04-27 23:28:14"}
{"level":"error","message":"Get order error: Cast to ObjectId failed for value \"customer\" (type string) at path \"_id\" for model \"Order\"","service":"order-service","timestamp":"2025-04-27 23:28:14"}
{"level":"info","message":"POST /","service":"order-service","timestamp":"2025-04-27 23:29:13"}
{"level":"error","message":"Failed to notify restaurant service: Invalid URL","service":"order-service","timestamp":"2025-04-27 23:29:13"}
{"level":"info","message":"GET /customer?page=1&limit=10","service":"order-service","timestamp":"2025-04-27 23:29:25"}
{"level":"error","message":"Get order error: Cast to ObjectId failed for value \"customer\" (type string) at path \"_id\" for model \"Order\"","service":"order-service","timestamp":"2025-04-27 23:29:25"}
{"level":"info","message":"POST /","service":"order-service","timestamp":"2025-04-27 23:48:06"}
{"level":"info","message":"GET /restaurant/680e01d2f4fd197e548bff1d?status=pending&page=1&limit=10","service":"order-service","timestamp":"2025-04-28 00:00:42"}
{"level":"info","message":"POST /","service":"order-service","timestamp":"2025-04-28 00:01:18"}
{"level":"info","message":"Order service running on port 3003","service":"order-service","timestamp":"2025-04-28 00:24:17"}
{"level":"info","message":"Connected to MongoDB","service":"order-service","timestamp":"2025-04-28 00:24:18"}
{"level":"info","message":"GET /nearby?latitude=6.9271&longitude=79.8612&maxDistance=5","service":"order-service","timestamp":"2025-04-28 00:34:59"}
{"level":"error","message":"Get order error: Cast to ObjectId failed for value \"nearby\" (type string) at path \"_id\" for model \"Order\"","service":"order-service","timestamp":"2025-04-28 00:34:59"}
{"level":"info","message":"POST /","service":"order-service","timestamp":"2025-04-28 00:41:54"}
{"level":"info","message":"POST /","service":"order-service","timestamp":"2025-04-28 00:47:22"}
{"level":"error","message":"Failed to notify restaurant service: Invalid URL","service":"order-service","timestamp":"2025-04-28 00:47:23"}
{"level":"info","message":"POST /payments/process","service":"order-service","timestamp":"2025-04-28 00:47:23"}
{"level":"info","message":"GET /customer?page=1&limit=10","service":"order-service","timestamp":"2025-04-28 00:48:23"}
{"level":"error","message":"Get order error: Cast to ObjectId failed for value \"customer\" (type string) at path \"_id\" for model \"Order\"","service":"order-service","timestamp":"2025-04-28 00:48:23"}
{"level":"info","message":"GET /restaurant/680e01d2f4fd197e548bff1d?status=pending&page=1&limit=10","service":"order-service","timestamp":"2025-04-28 00:48:44"}
