{"level":"error","message":"Create order error: Order validation failed: restaurantId: Cast to ObjectId failed for value \"1\" (type string) at path \"restaurantId\" because of \"BSONError\", items.0.menuItemId: Cast to ObjectId failed for value \"101[{\"name\":\"Size\",\"value\":\"Regular\"}]\" (type string) at path \"menuItemId\" because of \"BSONError\"","service":"order-service","timestamp":"2025-04-27 12:51:52"}
{"level":"error","message":"Get order error: Cast to ObjectId failed for value \"customer\" (type string) at path \"_id\" for model \"Order\"","service":"order-service","timestamp":"2025-04-27 14:02:36"}
{"level":"error","message":"Get order error: Cast to ObjectId failed for value \"customer\" (type string) at path \"_id\" for model \"Order\"","service":"order-service","timestamp":"2025-04-27 14:02:36"}
{"level":"error","message":"Get order error: Cast to ObjectId failed for value \"customer\" (type string) at path \"_id\" for model \"Order\"","service":"order-service","timestamp":"2025-04-27 14:02:39"}
{"level":"error","message":"Get order error: Cast to ObjectId failed for value \"customer\" (type string) at path \"_id\" for model \"Order\"","service":"order-service","timestamp":"2025-04-27 14:02:40"}
{"level":"error","message":"Get order error: Cast to ObjectId failed for value \"customer\" (type string) at path \"_id\" for model \"Order\"","service":"order-service","timestamp":"2025-04-27 14:02:41"}
{"level":"error","message":"Get order error: Cast to ObjectId failed for value \"customer\" (type string) at path \"_id\" for model \"Order\"","service":"order-service","timestamp":"2025-04-27 14:03:15"}
{"level":"error","message":"Get order error: Cast to ObjectId failed for value \"customer\" (type string) at path \"_id\" for model \"Order\"","service":"order-service","timestamp":"2025-04-27 14:03:15"}
{"level":"error","message":"Authentication error: jwt malformed","service":"order-service","timestamp":"2025-04-27 16:42:01"}
{"level":"error","message":"Authentication error: jwt malformed","service":"order-service","timestamp":"2025-04-27 16:42:44"}
{"level":"error","message":"Authentication error: invalid token","service":"order-service","timestamp":"2025-04-27 16:44:09"}
{"level":"error","message":"Authentication error: jwt malformed","service":"order-service","timestamp":"2025-04-27 16:45:31"}
{"level":"error","message":"Create order error: Order validation failed: deliveryAddress.location.coordinates: Path `deliveryAddress.location.coordinates` is required.","service":"order-service","timestamp":"2025-04-27 17:06:26"}
{"level":"error","message":"Create order error: Order validation failed: deliveryAddress.location.coordinates: Path `deliveryAddress.location.coordinates` is required.","service":"order-service","timestamp":"2025-04-27 17:08:23"}
{"level":"error","message":"Create order error: Order validation failed: deliveryAddress.location.coordinates: Path `deliveryAddress.location.coordinates` is required.","service":"order-service","timestamp":"2025-04-27 17:08:50"}
{"level":"error","message":"Create order error: Order validation failed: deliveryAddress.location.coordinates: Path `deliveryAddress.location.coordinates` is required.","service":"order-service","timestamp":"2025-04-27 17:10:50"}
{"level":"error","message":"Create order error: Order validation failed: deliveryAddress.location.coordinates: Path `deliveryAddress.location.coordinates` is required.","service":"order-service","timestamp":"2025-04-27 17:14:14"}
{"level":"error","message":"Failed to notify restaurant service: Invalid URL","service":"order-service","timestamp":"2025-04-27 17:18:06"}
{"level":"error","message":"Get order error: Cast to ObjectId failed for value \"customer\" (type string) at path \"_id\" for model \"Order\"","service":"order-service","timestamp":"2025-04-27 17:21:43"}
{"level":"error","message":"Get order error: Cast to ObjectId failed for value \"customer\" (type string) at path \"_id\" for model \"Order\"","service":"order-service","timestamp":"2025-04-27 17:21:43"}
{"level":"error","message":"Get order error: Cast to ObjectId failed for value \"customer\" (type string) at path \"_id\" for model \"Order\"","service":"order-service","timestamp":"2025-04-27 22:52:13"}
{"level":"error","message":"Get order error: Cast to ObjectId failed for value \"customer\" (type string) at path \"_id\" for model \"Order\"","service":"order-service","timestamp":"2025-04-27 22:52:13"}
{"level":"error","message":"Get order error: Cast to ObjectId failed for value \"addresses\" (type string) at path \"_id\" for model \"Order\"","service":"order-service","timestamp":"2025-04-28 02:53:54"}
{"level":"error","message":"Get order error: Cast to ObjectId failed for value \"addresses\" (type string) at path \"_id\" for model \"Order\"","service":"order-service","timestamp":"2025-04-28 02:53:54"}
{"level":"error","message":"Get order error: Cast to ObjectId failed for value \"addresses\" (type string) at path \"_id\" for model \"Order\"","service":"order-service","timestamp":"2025-04-28 02:56:00"}
{"level":"error","message":"Get order error: Cast to ObjectId failed for value \"addresses\" (type string) at path \"_id\" for model \"Order\"","service":"order-service","timestamp":"2025-04-28 02:56:00"}
{"level":"error","message":"Error: Address validation failed: user: Address must belong to a user","service":"order-service","timestamp":"2025-04-28 05:38:58"}
{"level":"error","message":"Error: Address validation failed: user: Address must belong to a user","service":"order-service","timestamp":"2025-04-28 05:41:14"}
{"level":"error","message":"Error: Address validation failed: user: Address must belong to a user","service":"order-service","timestamp":"2025-04-28 05:44:17"}
{"level":"error","message":"Error: Address validation failed: user: Address must belong to a user","service":"order-service","timestamp":"2025-04-28 20:18:01"}
